<?xml version="1.0" encoding="UTF-8"?>
<!-- Generated by org.testng.reporters.JUnitXMLReporter -->
<testsuite ignored="4" hostname="ARISTA113-PC" failures="0" tests="1" name="Default test" time="11.976" errors="0" timestamp="2024-10-03T17:44:14 IST">
  <testcase classname="com.rt.test.HomePageTest" name="verifyFooterLinks" time="6.304"/>
  <testcase classname="com.rt.test.HomePageTest" name="verifPageLoadTime" time="0.0">
    <ignored/>
  </testcase> <!-- verifPageLoadTime -->
  <testcase classname="com.rt.test.HomePageTest" name="verifyTitle" time="0.0">
    <ignored/>
  </testcase> <!-- verifyTitle -->
  <testcase classname="com.rt.test.HomePageTest" name="VerifyHeader" time="0.0">
    <ignored/>
  </testcase> <!-- VerifyHeader -->
  <testcase classname="com.rt.test.HomePageTest" name="verifyResponsive" time="0.0">
    <ignored/>
  </testcase> <!-- verifyResponsive -->
</testsuite> <!-- Default test -->
