<?xml version="1.0" encoding="UTF-8"?>
<!-- Generated by org.testng.reporters.JUnitXMLReporter -->
<testsuite ignored="10" hostname="ARISTA113-PC" failures="1" tests="91" name="Test" time="3745.077" errors="0" timestamp="2024-10-02T15:18:48 IST">
  <testcase classname="com.rt.test.NewArrivals_Test" name="verifyPageLoadTime" time="14.494"/>
  <testcase classname="com.rt.test.NewArrivals_Test" name="verifyPageTitle" time="12.604"/>
  <testcase classname="com.rt.test.NewArrivals_Test" name="verifyPageURL" time="11.648"/>
  <testcase classname="com.rt.test.NewArrivals_Test" name="verifyProductNamePresence" time="11.212">
    <failure type="org.openqa.selenium.ElementClickInterceptedException" message="element click intercepted: Element &amp;lt;span class=&amp;quot;text p-relative&amp;quot;&amp;gt;...&amp;lt;/span&amp;gt; is not clickable at point (840, 51). Other element would receive the click: &amp;lt;div role=&amp;quot;dialog&amp;quot; aria-modal=&amp;quot;true&amp;quot; aria-label=&amp;quot;POPUP Form&amp;quot; class=&amp;quot;needsclick  kl-private-reset-css-Xuajs1&amp;quot; style=&amp;quot;display: flex; z-index: 90000; position: fixed; left: 0px; top: 0px; width: 100%; height: 100%; justify-content: center; align-items: center; overflow: auto; background-color: rgba(20, 20, 20, 0.6); animation-timing-function: ease; animation-play-state: running; animation-iteration-count: 1; animation-fill-mode: forwards; animation-delay: 0s; animation-duration: 0.35s; animation-name: klaviyo-fadeout;&amp;quot;&amp;gt;...&amp;lt;/div&amp;gt;
  (Session info: chrome=129.0.6668.70)
Build info: version: &amp;apos;4.11.0&amp;apos;, revision: &amp;apos;040bc5406b&amp;apos;
System info: os.name: &amp;apos;Windows 10&amp;apos;, os.arch: &amp;apos;amd64&amp;apos;, os.version: &amp;apos;10.0&amp;apos;, java.version: &amp;apos;17.0.9&amp;apos;
Driver info: org.openqa.selenium.chrome.ChromeDriver
Command: [a6edaef8d4ebb90910ec6cff18804203, clickElement {id=f.CF0F82087808E9E14115E5B95FA1D9B9.d.70070A66A0B6947D9CED40E9EF13D47F.e.77}]
Capabilities {acceptInsecureCerts: false, browserName: chrome, browserVersion: 129.0.6668.70, chrome: {chromedriverVersion: 129.0.6668.70 (df87d5cf12b1..., userDataDir: C:\Users\pawan\AppData\Loca...}, fedcm:accounts: true, goog:chromeOptions: {debuggerAddress: localhost:53680}, networkConnectionEnabled: false, pageLoadStrategy: normal, platformName: windows, proxy: Proxy(), se:cdp: ws://localhost:53680/devtoo..., se:cdpVersion: 129.0.6668.70, setWindowRect: true, strictFileInteractability: false, timeouts: {implicit: 0, pageLoad: 300000, script: 30000}, unhandledPromptBehavior: dismiss and notify, webauthn:extension:credBlob: true, webauthn:extension:largeBlob: true, webauthn:extension:minPinLength: true, webauthn:extension:prf: true, webauthn:virtualAuthenticators: true}
Element: [[ChromeDriver: chrome on windows (a6edaef8d4ebb90910ec6cff18804203)] -&amp;gt; xpath: //span[text()=&amp;apos;NEW ARRIVALS&amp;apos;]]
Session ID: a6edaef8d4ebb90910ec6cff18804203">
      <![CDATA[org.openqa.selenium.ElementClickInterceptedException: element click intercepted: Element <span class="text p-relative">...</span> is not clickable at point (840, 51). Other element would receive the click: <div role="dialog" aria-modal="true" aria-label="POPUP Form" class="needsclick  kl-private-reset-css-Xuajs1" style="display: flex; z-index: 90000; position: fixed; left: 0px; top: 0px; width: 100%; height: 100%; justify-content: center; align-items: center; overflow: auto; background-color: rgba(20, 20, 20, 0.6); animation-timing-function: ease; animation-play-state: running; animation-iteration-count: 1; animation-fill-mode: forwards; animation-delay: 0s; animation-duration: 0.35s; animation-name: klaviyo-fadeout;">...</div>
  (Session info: chrome=129.0.6668.70)
Build info: version: '4.11.0', revision: '040bc5406b'
System info: os.name: 'Windows 10', os.arch: 'amd64', os.version: '10.0', java.version: '17.0.9'
Driver info: org.openqa.selenium.chrome.ChromeDriver
Command: [a6edaef8d4ebb90910ec6cff18804203, clickElement {id=f.CF0F82087808E9E14115E5B95FA1D9B9.d.70070A66A0B6947D9CED40E9EF13D47F.e.77}]
Capabilities {acceptInsecureCerts: false, browserName: chrome, browserVersion: 129.0.6668.70, chrome: {chromedriverVersion: 129.0.6668.70 (df87d5cf12b1..., userDataDir: C:\Users\pawan\AppData\Loca...}, fedcm:accounts: true, goog:chromeOptions: {debuggerAddress: localhost:53680}, networkConnectionEnabled: false, pageLoadStrategy: normal, platformName: windows, proxy: Proxy(), se:cdp: ws://localhost:53680/devtoo..., se:cdpVersion: 129.0.6668.70, setWindowRect: true, strictFileInteractability: false, timeouts: {implicit: 0, pageLoad: 300000, script: 30000}, unhandledPromptBehavior: dismiss and notify, webauthn:extension:credBlob: true, webauthn:extension:largeBlob: true, webauthn:extension:minPinLength: true, webauthn:extension:prf: true, webauthn:virtualAuthenticators: true}
Element: [[ChromeDriver: chrome on windows (a6edaef8d4ebb90910ec6cff18804203)] -> xpath: //span[text()='NEW ARRIVALS']]
Session ID: a6edaef8d4ebb90910ec6cff18804203
at org.openqa.selenium.remote.codec.w3c.W3CHttpResponseCodec.createException(W3CHttpResponseCodec.java:200)
at org.openqa.selenium.remote.codec.w3c.W3CHttpResponseCodec.decode(W3CHttpResponseCodec.java:133)
at org.openqa.selenium.remote.codec.w3c.W3CHttpResponseCodec.decode(W3CHttpResponseCodec.java:52)
at org.openqa.selenium.remote.HttpCommandExecutor.execute(HttpCommandExecutor.java:191)
at org.openqa.selenium.remote.service.DriverCommandExecutor.invokeExecute(DriverCommandExecutor.java:196)
at org.openqa.selenium.remote.service.DriverCommandExecutor.execute(DriverCommandExecutor.java:171)
at org.openqa.selenium.remote.RemoteWebDriver.execute(RemoteWebDriver.java:518)
at org.openqa.selenium.remote.RemoteWebElement.execute(RemoteWebElement.java:224)
at org.openqa.selenium.remote.RemoteWebElement.click(RemoteWebElement.java:77)
at org.openqa.selenium.support.pagefactory.internal.LocatingElementHandler.invoke(LocatingElementHandler.java:51)
at jdk.proxy2/jdk.proxy2.$Proxy18.click(Unknown Source)
at com.rt.pages.NewArrivalsPage.openNewArrivalsLink(NewArrivalsPage.java:55)
at com.rt.pages.NewArrivalsPage.verifyProductNamePresence(NewArrivalsPage.java:116)
at com.rt.test.NewArrivals_Test.verifyProductNamePresence(NewArrivals_Test.java:25)
at java.base/java.util.ArrayList.forEach(ArrayList.java:1511)
... Removed 36 stack frames]]>
    </failure>
  </testcase> <!-- verifyProductNamePresence -->
  <testcase classname="com.rt.test.NewArrivals_Test" name="verifyProductPricesPresence" time="13.001"/>
  <testcase classname="com.rt.test.NewArrivals_Test" name="verifyProductsOnThePage" time="12.378"/>
  <testcase classname="com.rt.test.NewArrivals_Test" name="verifyProductsQuickAddEnable" time="45.071"/>
  <testcase classname="com.rt.clothing.test.Tops_Test" name="verifyColorSwatchesPresenceAndEnable" time="223.235"/>
  <testcase classname="com.rt.clothing.test.Tops_Test" name="verifyPageLoadTime" time="15.094"/>
  <testcase classname="com.rt.clothing.test.Tops_Test" name="verifyPageTitle" time="12.542"/>
  <testcase classname="com.rt.clothing.test.Tops_Test" name="verifyPageURL" time="12.115"/>
  <testcase classname="com.rt.clothing.test.Tops_Test" name="verifyProductNamePresence" time="72.502"/>
  <testcase classname="com.rt.clothing.test.Tops_Test" name="verifyProductPricesPresence" time="23.713"/>
  <testcase classname="com.rt.clothing.test.Tops_Test" name="verifyProductsOnThePage" time="22.713"/>
  <testcase classname="com.rt.clothing.test.Tops_Test" name="verifyProductsQuickAddEnable" time="34.318"/>
  <testcase classname="com.rt.clothing.test.Tops_Test" name="verifySortByFilter" time="23.557"/>
  <testcase classname="com.rt.clothing.test.Tops_Test" name="verifyfiltersPresenceAndEnable" time="11.919"/>
  <testcase classname="com.rt.clothing.test.Dress_Test" name="verifyColorSwatchesPresenceAndEnable" time="223.104"/>
  <testcase classname="com.rt.clothing.test.Dress_Test" name="verifyPageLoadTime" time="13.988"/>
  <testcase classname="com.rt.clothing.test.Dress_Test" name="verifyPageTitle" time="12.275"/>
  <testcase classname="com.rt.clothing.test.Dress_Test" name="verifyPageURL" time="11.636"/>
  <testcase classname="com.rt.clothing.test.Dress_Test" name="verifyProductNamePresence" time="72.388"/>
  <testcase classname="com.rt.clothing.test.Dress_Test" name="verifyProductPricesPresence" time="22.505"/>
  <testcase classname="com.rt.clothing.test.Dress_Test" name="verifyProductsOnThePage" time="22.54"/>
  <testcase classname="com.rt.clothing.test.Dress_Test" name="verifyProductsQuickAddEnable" time="36.481"/>
  <testcase classname="com.rt.clothing.test.Dress_Test" name="verifySortByFilter" time="21.772"/>
  <testcase classname="com.rt.clothing.test.Dress_Test" name="verifyfiltersPresenceAndEnable" time="13.025"/>
  <testcase classname="com.rt.clothing.test.Bottoms_Test" name="verifyColorSwatchesPresenceAndEnable" time="221.84"/>
  <testcase classname="com.rt.clothing.test.Bottoms_Test" name="verifyPageLoadTime" time="13.72"/>
  <testcase classname="com.rt.clothing.test.Bottoms_Test" name="verifyPageTitle" time="12.179"/>
  <testcase classname="com.rt.clothing.test.Bottoms_Test" name="verifyPageURL" time="12.705"/>
  <testcase classname="com.rt.clothing.test.Bottoms_Test" name="verifyProductNamePresence" time="12.689"/>
  <testcase classname="com.rt.clothing.test.Bottoms_Test" name="verifyProductPricesPresence" time="12.867"/>
  <testcase classname="com.rt.clothing.test.Bottoms_Test" name="verifyProductsOnThePage" time="12.042"/>
  <testcase classname="com.rt.clothing.test.Bottoms_Test" name="verifyProductsQuickAddEnable" time="35.752"/>
  <testcase classname="com.rt.clothing.test.Jackets_Test" name="verifyColorSwatchesPresenceAndEnable" time="214.402"/>
  <testcase classname="com.rt.clothing.test.Jackets_Test" name="verifyPageLoadTime" time="13.113"/>
  <testcase classname="com.rt.clothing.test.Jackets_Test" name="verifyPageTitle" time="12.527"/>
  <testcase classname="com.rt.clothing.test.Jackets_Test" name="verifyPageURL" time="12.277"/>
  <testcase classname="com.rt.clothing.test.Jackets_Test" name="verifyProductNamePresence" time="61.727"/>
  <testcase classname="com.rt.clothing.test.Jackets_Test" name="verifyProductPricesPresence" time="13.509"/>
  <testcase classname="com.rt.clothing.test.Jackets_Test" name="verifyProductsOnThePage" time="13.166"/>
  <testcase classname="com.rt.clothing.test.Jackets_Test" name="verifyProductsQuickAddEnable" time="37.162"/>
  <testcase classname="com.rt.clothing.test.Jackets_Test" name="verifySortByFilter" time="22.848"/>
  <testcase classname="com.rt.clothing.test.Jackets_Test" name="verifyfiltersPresenceAndEnable" time="11.926"/>
  <testcase classname="com.rt.clothing.test.ViewAll_Test" name="verifyColorSwatchesPresenceAndEnable" time="222.554"/>
  <testcase classname="com.rt.clothing.test.ViewAll_Test" name="verifyPageLoadTime" time="13.941"/>
  <testcase classname="com.rt.clothing.test.ViewAll_Test" name="verifyPageTitle" time="13.333"/>
  <testcase classname="com.rt.clothing.test.ViewAll_Test" name="verifyPageURL" time="12.413"/>
  <testcase classname="com.rt.clothing.test.ViewAll_Test" name="verifyProductNamePresence" time="66.691"/>
  <testcase classname="com.rt.clothing.test.ViewAll_Test" name="verifyProductPricesPresence" time="16.642"/>
  <testcase classname="com.rt.clothing.test.ViewAll_Test" name="verifyProductsOnThePage" time="17.774"/>
  <testcase classname="com.rt.clothing.test.ViewAll_Test" name="verifyProductsQuickAddEnable" time="34.979"/>
  <testcase classname="com.rt.clothing.test.ViewAll_Test" name="verifySortByFilter" time="23.195"/>
  <testcase classname="com.rt.clothing.test.ViewAll_Test" name="verifyfiltersPresenceAndEnable" time="11.989"/>
  <testcase classname="com.rt.collections.test.Spring24Collection_Test" name="verifyColorSwatchesPresenceAndEnable" time="222.089"/>
  <testcase classname="com.rt.collections.test.Spring24Collection_Test" name="verifyPageLoadTime" time="14.653"/>
  <testcase classname="com.rt.collections.test.Spring24Collection_Test" name="verifyPageTitle" time="12.125"/>
  <testcase classname="com.rt.collections.test.Spring24Collection_Test" name="verifyPageURL" time="12.616"/>
  <testcase classname="com.rt.collections.test.Spring24Collection_Test" name="verifyProductNamePresence" time="12.797"/>
  <testcase classname="com.rt.collections.test.Spring24Collection_Test" name="verifyProductPricesPresence" time="12.184"/>
  <testcase classname="com.rt.collections.test.Spring24Collection_Test" name="verifyProductsOnThePage" time="12.806"/>
  <testcase classname="com.rt.collections.test.Spring24Collection_Test" name="verifyProductsQuickAddEnable" time="35.498"/>
  <testcase classname="com.rt.collections.test.Spring24Collection_Test" name="verifySortByFilter" time="21.888"/>
  <testcase classname="com.rt.collections.test.Spring24Collection_Test" name="verifyfiltersPresenceAndEnable" time="11.772"/>
  <testcase classname="com.rt.collections.test.RebeccaEssentials_Test" name="verifyColorSwatchesPresenceAndEnable" time="222.505"/>
  <testcase classname="com.rt.collections.test.RebeccaEssentials_Test" name="verifyPageLoadTime" time="13.166"/>
  <testcase classname="com.rt.collections.test.RebeccaEssentials_Test" name="verifyPageTitle" time="13.474"/>
  <testcase classname="com.rt.collections.test.RebeccaEssentials_Test" name="verifyPageURL" time="11.88"/>
  <testcase classname="com.rt.collections.test.RebeccaEssentials_Test" name="verifyProductNamePresence" time="12.42"/>
  <testcase classname="com.rt.collections.test.RebeccaEssentials_Test" name="verifyProductPricesPresence" time="12.526"/>
  <testcase classname="com.rt.collections.test.RebeccaEssentials_Test" name="verifyProductsOnThePage" time="14.29"/>
  <testcase classname="com.rt.collections.test.RebeccaEssentials_Test" name="verifyProductsQuickAddEnable" time="36.736"/>
  <testcase classname="com.rt.collections.test.RebeccaEssentials_Test" name="verifySortByFilter" time="22.79"/>
  <testcase classname="com.rt.collections.test.RebeccaEssentials_Test" name="verifyfiltersPresenceAndEnable" time="12.829"/>
  <testcase classname="com.rt.collections.test.WorkwearEdit_Test" name="verifyColorSwatchesPresenceAndEnable" time="222.591"/>
  <testcase classname="com.rt.collections.test.WorkwearEdit_Test" name="verifyPageLoadTime" time="13.493"/>
  <testcase classname="com.rt.collections.test.WorkwearEdit_Test" name="verifyPageTitle" time="12.363"/>
  <testcase classname="com.rt.collections.test.WorkwearEdit_Test" name="verifyPageURL" time="13.111"/>
  <testcase classname="com.rt.collections.test.WorkwearEdit_Test" name="verifyProductNamePresence" time="12.402"/>
  <testcase classname="com.rt.collections.test.WorkwearEdit_Test" name="verifyProductPricesPresence" time="12.78"/>
  <testcase classname="com.rt.collections.test.WorkwearEdit_Test" name="verifyProductsOnThePage" time="13.221"/>
  <testcase classname="com.rt.collections.test.WorkwearEdit_Test" name="verifyProductsQuickAddEnable" time="26.542"/>
  <testcase classname="com.rt.collections.test.WorkwearEdit_Test" name="verifySortByFilter" time="22.652"/>
  <testcase classname="com.rt.collections.test.WorkwearEdit_Test" name="verifyfiltersPresenceAndEnable" time="12.747"/>
  <testcase classname="com.rt.test.ProductATCFlowPage_Test" name="verifyUserFlowOfShopping" time="39.445"/>
  <testcase classname="com.rt.test.HomePageTest" name="VerifyHeader" time="46.958"/>
  <testcase classname="com.rt.test.HomePageTest" name="verifPageLoadTime" time="2.989"/>
  <testcase classname="com.rt.test.HomePageTest" name="verifyFooterLinks" time="7.372"/>
  <testcase classname="com.rt.test.HomePageTest" name="verifyResponsive" time="2.565"/>
  <testcase classname="com.rt.test.HomePageTest" name="verifyTitle" time="1.7"/>
  <testcase classname="com.rt.base.BaseClass" name="@BeforeSuite clearOldScreenshots" time="0.0">
    <ignored/>
  </testcase> <!-- @BeforeSuite clearOldScreenshots -->
  <testcase classname="com.rt.base.BaseClass" name="@BeforeSuite clearOldScreenshots" time="0.0">
    <ignored/>
  </testcase> <!-- @BeforeSuite clearOldScreenshots -->
  <testcase classname="com.rt.base.BaseClass" name="@BeforeSuite clearOldScreenshots" time="0.0">
    <ignored/>
  </testcase> <!-- @BeforeSuite clearOldScreenshots -->
  <testcase classname="com.rt.base.BaseClass" name="@BeforeSuite clearOldScreenshots" time="0.0">
    <ignored/>
  </testcase> <!-- @BeforeSuite clearOldScreenshots -->
  <testcase classname="com.rt.base.BaseClass" name="@BeforeSuite clearOldScreenshots" time="0.0">
    <ignored/>
  </testcase> <!-- @BeforeSuite clearOldScreenshots -->
  <testcase classname="com.rt.base.BaseClass" name="@BeforeSuite clearOldScreenshots" time="0.0">
    <ignored/>
  </testcase> <!-- @BeforeSuite clearOldScreenshots -->
  <testcase classname="com.rt.base.BaseClass" name="@BeforeSuite clearOldScreenshots" time="0.0">
    <ignored/>
  </testcase> <!-- @BeforeSuite clearOldScreenshots -->
  <testcase classname="com.rt.base.BaseClass" name="@BeforeSuite clearOldScreenshots" time="0.0">
    <ignored/>
  </testcase> <!-- @BeforeSuite clearOldScreenshots -->
  <testcase classname="com.rt.base.BaseClass" name="@BeforeSuite clearOldScreenshots" time="0.0">
    <ignored/>
  </testcase> <!-- @BeforeSuite clearOldScreenshots -->
  <testcase classname="com.rt.base.BaseClass" name="@BeforeSuite clearOldScreenshots" time="0.0">
    <ignored/>
  </testcase> <!-- @BeforeSuite clearOldScreenshots -->
</testsuite> <!-- Test -->
