<?xml version="1.0" encoding="UTF-8"?>
<testng-results ignored="10" total="101" passed="90" failed="1" skipped="0">
  <reporter-output>
  </reporter-output>
  <suite started-at="2024-10-02T14:16:23 IST" name="Suite" finished-at="2024-10-02T15:18:48 IST" duration-ms="3745077">
    <groups>
    </groups>
    <test started-at="2024-10-02T14:16:23 IST" name="Test" finished-at="2024-10-02T15:18:48 IST" duration-ms="3745077">
      <class name="com.rt.collections.test.RebeccaEssentials_Test">
        <test-method is-config="true" signature="openBrowser()[pri:0, instance:com.rt.collections.test.RebeccaEssentials_Test@6d60fe40]" started-at="2024-10-02T15:03:17 IST" name="openBrowser" finished-at="2024-10-02T15:03:20 IST" duration-ms="3091" status="PASS">
          <reporter-output>
          </reporter-output>
        </test-method> <!-- openBrowser -->
        <test-method is-config="true" signature="loadObject()[pri:0, instance:com.rt.collections.test.RebeccaEssentials_Test@6d60fe40]" started-at="2024-10-02T15:03:20 IST" name="loadObject" finished-at="2024-10-02T15:03:20 IST" duration-ms="11" status="PASS">
          <reporter-output>
          </reporter-output>
        </test-method> <!-- loadObject -->
        <test-method signature="verifyColorSwatchesPresenceAndEnable()[pri:0, instance:com.rt.collections.test.RebeccaEssentials_Test@6d60fe40]" started-at="2024-10-02T15:03:20 IST" name="verifyColorSwatchesPresenceAndEnable" finished-at="2024-10-02T15:07:02 IST" duration-ms="222505" status="PASS">
          <reporter-output>
          </reporter-output>
        </test-method> <!-- verifyColorSwatchesPresenceAndEnable -->
        <test-method is-config="true" signature="CloseBrowser()[pri:0, instance:com.rt.collections.test.RebeccaEssentials_Test@6d60fe40]" started-at="2024-10-02T15:07:02 IST" name="CloseBrowser" finished-at="2024-10-02T15:07:03 IST" duration-ms="230" status="PASS">
          <reporter-output>
          </reporter-output>
        </test-method> <!-- CloseBrowser -->
        <test-method is-config="true" signature="openBrowser()[pri:0, instance:com.rt.collections.test.RebeccaEssentials_Test@6d60fe40]" started-at="2024-10-02T15:07:03 IST" name="openBrowser" finished-at="2024-10-02T15:07:09 IST" duration-ms="6356" status="PASS">
          <reporter-output>
          </reporter-output>
        </test-method> <!-- openBrowser -->
        <test-method is-config="true" signature="loadObject()[pri:0, instance:com.rt.collections.test.RebeccaEssentials_Test@6d60fe40]" started-at="2024-10-02T15:07:09 IST" name="loadObject" finished-at="2024-10-02T15:07:09 IST" duration-ms="2" status="PASS">
          <reporter-output>
          </reporter-output>
        </test-method> <!-- loadObject -->
        <test-method signature="verifyPageLoadTime()[pri:0, instance:com.rt.collections.test.RebeccaEssentials_Test@6d60fe40]" started-at="2024-10-02T15:07:09 IST" name="verifyPageLoadTime" finished-at="2024-10-02T15:07:22 IST" duration-ms="13166" status="PASS">
          <reporter-output>
          </reporter-output>
        </test-method> <!-- verifyPageLoadTime -->
        <test-method is-config="true" signature="CloseBrowser()[pri:0, instance:com.rt.collections.test.RebeccaEssentials_Test@6d60fe40]" started-at="2024-10-02T15:07:22 IST" name="CloseBrowser" finished-at="2024-10-02T15:07:22 IST" duration-ms="98" status="PASS">
          <reporter-output>
          </reporter-output>
        </test-method> <!-- CloseBrowser -->
        <test-method is-config="true" signature="openBrowser()[pri:0, instance:com.rt.collections.test.RebeccaEssentials_Test@6d60fe40]" started-at="2024-10-02T15:07:22 IST" name="openBrowser" finished-at="2024-10-02T15:07:26 IST" duration-ms="3987" status="PASS">
          <reporter-output>
          </reporter-output>
        </test-method> <!-- openBrowser -->
        <test-method signature="verifyPageTitle()[pri:0, instance:com.rt.collections.test.RebeccaEssentials_Test@6d60fe40]" started-at="2024-10-02T15:07:26 IST" name="verifyPageTitle" finished-at="2024-10-02T15:07:40 IST" duration-ms="13474" status="PASS">
          <reporter-output>
          </reporter-output>
        </test-method> <!-- verifyPageTitle -->
        <test-method is-config="true" signature="loadObject()[pri:0, instance:com.rt.collections.test.RebeccaEssentials_Test@6d60fe40]" started-at="2024-10-02T15:07:26 IST" name="loadObject" finished-at="2024-10-02T15:07:26 IST" duration-ms="0" status="PASS">
          <reporter-output>
          </reporter-output>
        </test-method> <!-- loadObject -->
        <test-method is-config="true" signature="CloseBrowser()[pri:0, instance:com.rt.collections.test.RebeccaEssentials_Test@6d60fe40]" started-at="2024-10-02T15:07:40 IST" name="CloseBrowser" finished-at="2024-10-02T15:07:40 IST" duration-ms="102" status="PASS">
          <reporter-output>
          </reporter-output>
        </test-method> <!-- CloseBrowser -->
        <test-method is-config="true" signature="openBrowser()[pri:0, instance:com.rt.collections.test.RebeccaEssentials_Test@6d60fe40]" started-at="2024-10-02T15:07:40 IST" name="openBrowser" finished-at="2024-10-02T15:07:42 IST" duration-ms="2705" status="PASS">
          <reporter-output>
          </reporter-output>
        </test-method> <!-- openBrowser -->
        <test-method is-config="true" signature="loadObject()[pri:0, instance:com.rt.collections.test.RebeccaEssentials_Test@6d60fe40]" started-at="2024-10-02T15:07:42 IST" name="loadObject" finished-at="2024-10-02T15:07:42 IST" duration-ms="1" status="PASS">
          <reporter-output>
          </reporter-output>
        </test-method> <!-- loadObject -->
        <test-method signature="verifyPageURL()[pri:0, instance:com.rt.collections.test.RebeccaEssentials_Test@6d60fe40]" started-at="2024-10-02T15:07:42 IST" name="verifyPageURL" finished-at="2024-10-02T15:07:54 IST" duration-ms="11880" status="PASS">
          <reporter-output>
          </reporter-output>
        </test-method> <!-- verifyPageURL -->
        <test-method is-config="true" signature="CloseBrowser()[pri:0, instance:com.rt.collections.test.RebeccaEssentials_Test@6d60fe40]" started-at="2024-10-02T15:07:54 IST" name="CloseBrowser" finished-at="2024-10-02T15:07:54 IST" duration-ms="99" status="PASS">
          <reporter-output>
          </reporter-output>
        </test-method> <!-- CloseBrowser -->
        <test-method is-config="true" signature="openBrowser()[pri:0, instance:com.rt.collections.test.RebeccaEssentials_Test@6d60fe40]" started-at="2024-10-02T15:07:54 IST" name="openBrowser" finished-at="2024-10-02T15:08:00 IST" duration-ms="5785" status="PASS">
          <reporter-output>
          </reporter-output>
        </test-method> <!-- openBrowser -->
        <test-method signature="verifyProductNamePresence()[pri:0, instance:com.rt.collections.test.RebeccaEssentials_Test@6d60fe40]" started-at="2024-10-02T15:08:00 IST" name="verifyProductNamePresence" finished-at="2024-10-02T15:08:13 IST" duration-ms="12420" status="PASS">
          <reporter-output>
          </reporter-output>
        </test-method> <!-- verifyProductNamePresence -->
        <test-method is-config="true" signature="loadObject()[pri:0, instance:com.rt.collections.test.RebeccaEssentials_Test@6d60fe40]" started-at="2024-10-02T15:08:00 IST" name="loadObject" finished-at="2024-10-02T15:08:00 IST" duration-ms="0" status="PASS">
          <reporter-output>
          </reporter-output>
        </test-method> <!-- loadObject -->
        <test-method is-config="true" signature="CloseBrowser()[pri:0, instance:com.rt.collections.test.RebeccaEssentials_Test@6d60fe40]" started-at="2024-10-02T15:08:13 IST" name="CloseBrowser" finished-at="2024-10-02T15:08:13 IST" duration-ms="93" status="PASS">
          <reporter-output>
          </reporter-output>
        </test-method> <!-- CloseBrowser -->
        <test-method is-config="true" signature="openBrowser()[pri:0, instance:com.rt.collections.test.RebeccaEssentials_Test@6d60fe40]" started-at="2024-10-02T15:08:13 IST" name="openBrowser" finished-at="2024-10-02T15:08:16 IST" duration-ms="3694" status="PASS">
          <reporter-output>
          </reporter-output>
        </test-method> <!-- openBrowser -->
        <test-method is-config="true" signature="loadObject()[pri:0, instance:com.rt.collections.test.RebeccaEssentials_Test@6d60fe40]" started-at="2024-10-02T15:08:16 IST" name="loadObject" finished-at="2024-10-02T15:08:16 IST" duration-ms="2" status="PASS">
          <reporter-output>
          </reporter-output>
        </test-method> <!-- loadObject -->
        <test-method signature="verifyProductPricesPresence()[pri:0, instance:com.rt.collections.test.RebeccaEssentials_Test@6d60fe40]" started-at="2024-10-02T15:08:16 IST" name="verifyProductPricesPresence" finished-at="2024-10-02T15:08:29 IST" duration-ms="12526" status="PASS">
          <reporter-output>
          </reporter-output>
        </test-method> <!-- verifyProductPricesPresence -->
        <test-method is-config="true" signature="CloseBrowser()[pri:0, instance:com.rt.collections.test.RebeccaEssentials_Test@6d60fe40]" started-at="2024-10-02T15:08:29 IST" name="CloseBrowser" finished-at="2024-10-02T15:08:29 IST" duration-ms="94" status="PASS">
          <reporter-output>
          </reporter-output>
        </test-method> <!-- CloseBrowser -->
        <test-method is-config="true" signature="openBrowser()[pri:0, instance:com.rt.collections.test.RebeccaEssentials_Test@6d60fe40]" started-at="2024-10-02T15:08:29 IST" name="openBrowser" finished-at="2024-10-02T15:08:32 IST" duration-ms="2538" status="PASS">
          <reporter-output>
          </reporter-output>
        </test-method> <!-- openBrowser -->
        <test-method signature="verifyProductsOnThePage()[pri:0, instance:com.rt.collections.test.RebeccaEssentials_Test@6d60fe40]" started-at="2024-10-02T15:08:32 IST" name="verifyProductsOnThePage" finished-at="2024-10-02T15:08:46 IST" duration-ms="14290" status="PASS">
          <reporter-output>
          </reporter-output>
        </test-method> <!-- verifyProductsOnThePage -->
        <test-method is-config="true" signature="loadObject()[pri:0, instance:com.rt.collections.test.RebeccaEssentials_Test@6d60fe40]" started-at="2024-10-02T15:08:32 IST" name="loadObject" finished-at="2024-10-02T15:08:32 IST" duration-ms="0" status="PASS">
          <reporter-output>
          </reporter-output>
        </test-method> <!-- loadObject -->
        <test-method is-config="true" signature="CloseBrowser()[pri:0, instance:com.rt.collections.test.RebeccaEssentials_Test@6d60fe40]" started-at="2024-10-02T15:08:46 IST" name="CloseBrowser" finished-at="2024-10-02T15:08:46 IST" duration-ms="94" status="PASS">
          <reporter-output>
          </reporter-output>
        </test-method> <!-- CloseBrowser -->
        <test-method is-config="true" signature="openBrowser()[pri:0, instance:com.rt.collections.test.RebeccaEssentials_Test@6d60fe40]" started-at="2024-10-02T15:08:46 IST" name="openBrowser" finished-at="2024-10-02T15:08:49 IST" duration-ms="3477" status="PASS">
          <reporter-output>
          </reporter-output>
        </test-method> <!-- openBrowser -->
        <test-method signature="verifyProductsQuickAddEnable()[pri:0, instance:com.rt.collections.test.RebeccaEssentials_Test@6d60fe40]" started-at="2024-10-02T15:08:49 IST" name="verifyProductsQuickAddEnable" finished-at="2024-10-02T15:09:26 IST" duration-ms="36736" status="PASS">
          <reporter-output>
          </reporter-output>
        </test-method> <!-- verifyProductsQuickAddEnable -->
        <test-method is-config="true" signature="loadObject()[pri:0, instance:com.rt.collections.test.RebeccaEssentials_Test@6d60fe40]" started-at="2024-10-02T15:08:49 IST" name="loadObject" finished-at="2024-10-02T15:08:49 IST" duration-ms="0" status="PASS">
          <reporter-output>
          </reporter-output>
        </test-method> <!-- loadObject -->
        <test-method is-config="true" signature="CloseBrowser()[pri:0, instance:com.rt.collections.test.RebeccaEssentials_Test@6d60fe40]" started-at="2024-10-02T15:09:26 IST" name="CloseBrowser" finished-at="2024-10-02T15:09:26 IST" duration-ms="107" status="PASS">
          <reporter-output>
          </reporter-output>
        </test-method> <!-- CloseBrowser -->
        <test-method is-config="true" signature="openBrowser()[pri:0, instance:com.rt.collections.test.RebeccaEssentials_Test@6d60fe40]" started-at="2024-10-02T15:09:26 IST" name="openBrowser" finished-at="2024-10-02T15:09:29 IST" duration-ms="2488" status="PASS">
          <reporter-output>
          </reporter-output>
        </test-method> <!-- openBrowser -->
        <test-method is-config="true" signature="loadObject()[pri:0, instance:com.rt.collections.test.RebeccaEssentials_Test@6d60fe40]" started-at="2024-10-02T15:09:29 IST" name="loadObject" finished-at="2024-10-02T15:09:29 IST" duration-ms="1" status="PASS">
          <reporter-output>
          </reporter-output>
        </test-method> <!-- loadObject -->
        <test-method signature="verifySortByFilter()[pri:0, instance:com.rt.collections.test.RebeccaEssentials_Test@6d60fe40]" started-at="2024-10-02T15:09:29 IST" name="verifySortByFilter" finished-at="2024-10-02T15:09:52 IST" duration-ms="22790" status="PASS">
          <reporter-output>
          </reporter-output>
        </test-method> <!-- verifySortByFilter -->
        <test-method is-config="true" signature="CloseBrowser()[pri:0, instance:com.rt.collections.test.RebeccaEssentials_Test@6d60fe40]" started-at="2024-10-02T15:09:52 IST" name="CloseBrowser" finished-at="2024-10-02T15:09:52 IST" duration-ms="93" status="PASS">
          <reporter-output>
          </reporter-output>
        </test-method> <!-- CloseBrowser -->
        <test-method is-config="true" signature="openBrowser()[pri:0, instance:com.rt.collections.test.RebeccaEssentials_Test@6d60fe40]" started-at="2024-10-02T15:09:52 IST" name="openBrowser" finished-at="2024-10-02T15:09:55 IST" duration-ms="2912" status="PASS">
          <reporter-output>
          </reporter-output>
        </test-method> <!-- openBrowser -->
        <test-method is-config="true" signature="loadObject()[pri:0, instance:com.rt.collections.test.RebeccaEssentials_Test@6d60fe40]" started-at="2024-10-02T15:09:55 IST" name="loadObject" finished-at="2024-10-02T15:09:55 IST" duration-ms="2" status="PASS">
          <reporter-output>
          </reporter-output>
        </test-method> <!-- loadObject -->
        <test-method signature="verifyfiltersPresenceAndEnable()[pri:0, instance:com.rt.collections.test.RebeccaEssentials_Test@6d60fe40]" started-at="2024-10-02T15:09:55 IST" name="verifyfiltersPresenceAndEnable" finished-at="2024-10-02T15:10:07 IST" duration-ms="12829" status="PASS">
          <reporter-output>
          </reporter-output>
        </test-method> <!-- verifyfiltersPresenceAndEnable -->
        <test-method is-config="true" signature="CloseBrowser()[pri:0, instance:com.rt.collections.test.RebeccaEssentials_Test@6d60fe40]" started-at="2024-10-02T15:10:07 IST" name="CloseBrowser" finished-at="2024-10-02T15:10:08 IST" duration-ms="120" status="PASS">
          <reporter-output>
          </reporter-output>
        </test-method> <!-- CloseBrowser -->
      </class> <!-- com.rt.collections.test.RebeccaEssentials_Test -->
      <class name="com.rt.test.HomePageTest">
        <test-method is-config="true" signature="openBrowser()[pri:0, instance:com.rt.test.HomePageTest@19932c16]" started-at="2024-10-02T15:17:31 IST" name="openBrowser" finished-at="2024-10-02T15:17:34 IST" duration-ms="2901" status="PASS">
          <reporter-output>
          </reporter-output>
        </test-method> <!-- openBrowser -->
        <test-method is-config="true" signature="loadObject()[pri:0, instance:com.rt.test.HomePageTest@19932c16]" started-at="2024-10-02T15:17:34 IST" name="loadObject" finished-at="2024-10-02T15:17:34 IST" duration-ms="4" status="PASS">
          <reporter-output>
          </reporter-output>
        </test-method> <!-- loadObject -->
        <test-method signature="VerifyHeader()[pri:0, instance:com.rt.test.HomePageTest@19932c16]" started-at="2024-10-02T15:17:34 IST" name="VerifyHeader" finished-at="2024-10-02T15:18:21 IST" duration-ms="46958" status="PASS">
          <reporter-output>
          </reporter-output>
        </test-method> <!-- VerifyHeader -->
        <test-method is-config="true" signature="CloseBrowser()[pri:0, instance:com.rt.test.HomePageTest@19932c16]" started-at="2024-10-02T15:18:21 IST" name="CloseBrowser" finished-at="2024-10-02T15:18:21 IST" duration-ms="119" status="PASS">
          <reporter-output>
          </reporter-output>
        </test-method> <!-- CloseBrowser -->
        <test-method is-config="true" signature="openBrowser()[pri:0, instance:com.rt.test.HomePageTest@19932c16]" started-at="2024-10-02T15:18:21 IST" name="openBrowser" finished-at="2024-10-02T15:18:24 IST" duration-ms="2517" status="PASS">
          <reporter-output>
          </reporter-output>
        </test-method> <!-- openBrowser -->
        <test-method signature="verifPageLoadTime()[pri:0, instance:com.rt.test.HomePageTest@19932c16]" started-at="2024-10-02T15:18:24 IST" name="verifPageLoadTime" finished-at="2024-10-02T15:18:27 IST" duration-ms="2989" status="PASS">
          <reporter-output>
          </reporter-output>
        </test-method> <!-- verifPageLoadTime -->
        <test-method is-config="true" signature="loadObject()[pri:0, instance:com.rt.test.HomePageTest@19932c16]" started-at="2024-10-02T15:18:24 IST" name="loadObject" finished-at="2024-10-02T15:18:24 IST" duration-ms="0" status="PASS">
          <reporter-output>
          </reporter-output>
        </test-method> <!-- loadObject -->
        <test-method is-config="true" signature="CloseBrowser()[pri:0, instance:com.rt.test.HomePageTest@19932c16]" started-at="2024-10-02T15:18:27 IST" name="CloseBrowser" finished-at="2024-10-02T15:18:27 IST" duration-ms="94" status="PASS">
          <reporter-output>
          </reporter-output>
        </test-method> <!-- CloseBrowser -->
        <test-method is-config="true" signature="openBrowser()[pri:0, instance:com.rt.test.HomePageTest@19932c16]" started-at="2024-10-02T15:18:27 IST" name="openBrowser" finished-at="2024-10-02T15:18:31 IST" duration-ms="3881" status="PASS">
          <reporter-output>
          </reporter-output>
        </test-method> <!-- openBrowser -->
        <test-method signature="verifyFooterLinks()[pri:0, instance:com.rt.test.HomePageTest@19932c16]" started-at="2024-10-02T15:18:31 IST" name="verifyFooterLinks" finished-at="2024-10-02T15:18:38 IST" duration-ms="7372" status="PASS">
          <reporter-output>
          </reporter-output>
        </test-method> <!-- verifyFooterLinks -->
        <test-method is-config="true" signature="loadObject()[pri:0, instance:com.rt.test.HomePageTest@19932c16]" started-at="2024-10-02T15:18:31 IST" name="loadObject" finished-at="2024-10-02T15:18:31 IST" duration-ms="0" status="PASS">
          <reporter-output>
          </reporter-output>
        </test-method> <!-- loadObject -->
        <test-method is-config="true" signature="CloseBrowser()[pri:0, instance:com.rt.test.HomePageTest@19932c16]" started-at="2024-10-02T15:18:38 IST" name="CloseBrowser" finished-at="2024-10-02T15:18:38 IST" duration-ms="96" status="PASS">
          <reporter-output>
          </reporter-output>
        </test-method> <!-- CloseBrowser -->
        <test-method is-config="true" signature="openBrowser()[pri:0, instance:com.rt.test.HomePageTest@19932c16]" started-at="2024-10-02T15:18:38 IST" name="openBrowser" finished-at="2024-10-02T15:18:41 IST" duration-ms="2781" status="PASS">
          <reporter-output>
          </reporter-output>
        </test-method> <!-- openBrowser -->
        <test-method signature="verifyResponsive()[pri:0, instance:com.rt.test.HomePageTest@19932c16]" started-at="2024-10-02T15:18:41 IST" name="verifyResponsive" finished-at="2024-10-02T15:18:43 IST" duration-ms="2565" status="PASS">
          <reporter-output>
          </reporter-output>
        </test-method> <!-- verifyResponsive -->
        <test-method is-config="true" signature="loadObject()[pri:0, instance:com.rt.test.HomePageTest@19932c16]" started-at="2024-10-02T15:18:41 IST" name="loadObject" finished-at="2024-10-02T15:18:41 IST" duration-ms="0" status="PASS">
          <reporter-output>
          </reporter-output>
        </test-method> <!-- loadObject -->
        <test-method is-config="true" signature="CloseBrowser()[pri:0, instance:com.rt.test.HomePageTest@19932c16]" started-at="2024-10-02T15:18:43 IST" name="CloseBrowser" finished-at="2024-10-02T15:18:43 IST" duration-ms="86" status="PASS">
          <reporter-output>
          </reporter-output>
        </test-method> <!-- CloseBrowser -->
        <test-method is-config="true" signature="openBrowser()[pri:0, instance:com.rt.test.HomePageTest@19932c16]" started-at="2024-10-02T15:18:43 IST" name="openBrowser" finished-at="2024-10-02T15:18:47 IST" duration-ms="3238" status="PASS">
          <reporter-output>
          </reporter-output>
        </test-method> <!-- openBrowser -->
        <test-method signature="verifyTitle()[pri:0, instance:com.rt.test.HomePageTest@19932c16]" started-at="2024-10-02T15:18:47 IST" name="verifyTitle" finished-at="2024-10-02T15:18:48 IST" duration-ms="1700" status="PASS">
          <reporter-output>
          </reporter-output>
        </test-method> <!-- verifyTitle -->
        <test-method is-config="true" signature="loadObject()[pri:0, instance:com.rt.test.HomePageTest@19932c16]" started-at="2024-10-02T15:18:47 IST" name="loadObject" finished-at="2024-10-02T15:18:47 IST" duration-ms="0" status="PASS">
          <reporter-output>
          </reporter-output>
        </test-method> <!-- loadObject -->
        <test-method is-config="true" signature="CloseBrowser()[pri:0, instance:com.rt.test.HomePageTest@19932c16]" started-at="2024-10-02T15:18:48 IST" name="CloseBrowser" finished-at="2024-10-02T15:18:48 IST" duration-ms="78" status="PASS">
          <reporter-output>
          </reporter-output>
        </test-method> <!-- CloseBrowser -->
      </class> <!-- com.rt.test.HomePageTest -->
      <class name="com.rt.collections.test.WorkwearEdit_Test">
        <test-method is-config="true" signature="openBrowser()[pri:0, instance:com.rt.collections.test.WorkwearEdit_Test@792b749c]" started-at="2024-10-02T15:10:08 IST" name="openBrowser" finished-at="2024-10-02T15:10:10 IST" duration-ms="2483" status="PASS">
          <reporter-output>
          </reporter-output>
        </test-method> <!-- openBrowser -->
        <test-method is-config="true" signature="loadObject()[pri:0, instance:com.rt.collections.test.WorkwearEdit_Test@792b749c]" started-at="2024-10-02T15:10:10 IST" name="loadObject" finished-at="2024-10-02T15:10:10 IST" duration-ms="21" status="PASS">
          <reporter-output>
          </reporter-output>
        </test-method> <!-- loadObject -->
        <test-method signature="verifyColorSwatchesPresenceAndEnable()[pri:0, instance:com.rt.collections.test.WorkwearEdit_Test@792b749c]" started-at="2024-10-02T15:10:10 IST" name="verifyColorSwatchesPresenceAndEnable" finished-at="2024-10-02T15:13:53 IST" duration-ms="222591" status="PASS">
          <reporter-output>
          </reporter-output>
        </test-method> <!-- verifyColorSwatchesPresenceAndEnable -->
        <test-method is-config="true" signature="CloseBrowser()[pri:0, instance:com.rt.collections.test.WorkwearEdit_Test@792b749c]" started-at="2024-10-02T15:13:53 IST" name="CloseBrowser" finished-at="2024-10-02T15:13:53 IST" duration-ms="92" status="PASS">
          <reporter-output>
          </reporter-output>
        </test-method> <!-- CloseBrowser -->
        <test-method is-config="true" signature="openBrowser()[pri:0, instance:com.rt.collections.test.WorkwearEdit_Test@792b749c]" started-at="2024-10-02T15:13:53 IST" name="openBrowser" finished-at="2024-10-02T15:13:58 IST" duration-ms="5249" status="PASS">
          <reporter-output>
          </reporter-output>
        </test-method> <!-- openBrowser -->
        <test-method is-config="true" signature="loadObject()[pri:0, instance:com.rt.collections.test.WorkwearEdit_Test@792b749c]" started-at="2024-10-02T15:13:58 IST" name="loadObject" finished-at="2024-10-02T15:13:58 IST" duration-ms="1" status="PASS">
          <reporter-output>
          </reporter-output>
        </test-method> <!-- loadObject -->
        <test-method signature="verifyPageLoadTime()[pri:0, instance:com.rt.collections.test.WorkwearEdit_Test@792b749c]" started-at="2024-10-02T15:13:58 IST" name="verifyPageLoadTime" finished-at="2024-10-02T15:14:11 IST" duration-ms="13493" status="PASS">
          <reporter-output>
          </reporter-output>
        </test-method> <!-- verifyPageLoadTime -->
        <test-method is-config="true" signature="CloseBrowser()[pri:0, instance:com.rt.collections.test.WorkwearEdit_Test@792b749c]" started-at="2024-10-02T15:14:11 IST" name="CloseBrowser" finished-at="2024-10-02T15:14:12 IST" duration-ms="108" status="PASS">
          <reporter-output>
          </reporter-output>
        </test-method> <!-- CloseBrowser -->
        <test-method is-config="true" signature="openBrowser()[pri:0, instance:com.rt.collections.test.WorkwearEdit_Test@792b749c]" started-at="2024-10-02T15:14:12 IST" name="openBrowser" finished-at="2024-10-02T15:14:15 IST" duration-ms="2992" status="PASS">
          <reporter-output>
          </reporter-output>
        </test-method> <!-- openBrowser -->
        <test-method is-config="true" signature="loadObject()[pri:0, instance:com.rt.collections.test.WorkwearEdit_Test@792b749c]" started-at="2024-10-02T15:14:15 IST" name="loadObject" finished-at="2024-10-02T15:14:15 IST" duration-ms="1" status="PASS">
          <reporter-output>
          </reporter-output>
        </test-method> <!-- loadObject -->
        <test-method signature="verifyPageTitle()[pri:0, instance:com.rt.collections.test.WorkwearEdit_Test@792b749c]" started-at="2024-10-02T15:14:15 IST" name="verifyPageTitle" finished-at="2024-10-02T15:14:27 IST" duration-ms="12363" status="PASS">
          <reporter-output>
          </reporter-output>
        </test-method> <!-- verifyPageTitle -->
        <test-method is-config="true" signature="CloseBrowser()[pri:0, instance:com.rt.collections.test.WorkwearEdit_Test@792b749c]" started-at="2024-10-02T15:14:27 IST" name="CloseBrowser" finished-at="2024-10-02T15:14:27 IST" duration-ms="119" status="PASS">
          <reporter-output>
          </reporter-output>
        </test-method> <!-- CloseBrowser -->
        <test-method is-config="true" signature="openBrowser()[pri:0, instance:com.rt.collections.test.WorkwearEdit_Test@792b749c]" started-at="2024-10-02T15:14:27 IST" name="openBrowser" finished-at="2024-10-02T15:14:30 IST" duration-ms="3177" status="PASS">
          <reporter-output>
          </reporter-output>
        </test-method> <!-- openBrowser -->
        <test-method is-config="true" signature="loadObject()[pri:0, instance:com.rt.collections.test.WorkwearEdit_Test@792b749c]" started-at="2024-10-02T15:14:30 IST" name="loadObject" finished-at="2024-10-02T15:14:30 IST" duration-ms="1" status="PASS">
          <reporter-output>
          </reporter-output>
        </test-method> <!-- loadObject -->
        <test-method signature="verifyPageURL()[pri:0, instance:com.rt.collections.test.WorkwearEdit_Test@792b749c]" started-at="2024-10-02T15:14:30 IST" name="verifyPageURL" finished-at="2024-10-02T15:14:43 IST" duration-ms="13111" status="PASS">
          <reporter-output>
          </reporter-output>
        </test-method> <!-- verifyPageURL -->
        <test-method is-config="true" signature="CloseBrowser()[pri:0, instance:com.rt.collections.test.WorkwearEdit_Test@792b749c]" started-at="2024-10-02T15:14:43 IST" name="CloseBrowser" finished-at="2024-10-02T15:14:43 IST" duration-ms="115" status="PASS">
          <reporter-output>
          </reporter-output>
        </test-method> <!-- CloseBrowser -->
        <test-method is-config="true" signature="openBrowser()[pri:0, instance:com.rt.collections.test.WorkwearEdit_Test@792b749c]" started-at="2024-10-02T15:14:43 IST" name="openBrowser" finished-at="2024-10-02T15:14:47 IST" duration-ms="3263" status="PASS">
          <reporter-output>
          </reporter-output>
        </test-method> <!-- openBrowser -->
        <test-method is-config="true" signature="loadObject()[pri:0, instance:com.rt.collections.test.WorkwearEdit_Test@792b749c]" started-at="2024-10-02T15:14:47 IST" name="loadObject" finished-at="2024-10-02T15:14:47 IST" duration-ms="1" status="PASS">
          <reporter-output>
          </reporter-output>
        </test-method> <!-- loadObject -->
        <test-method signature="verifyProductNamePresence()[pri:0, instance:com.rt.collections.test.WorkwearEdit_Test@792b749c]" started-at="2024-10-02T15:14:47 IST" name="verifyProductNamePresence" finished-at="2024-10-02T15:14:59 IST" duration-ms="12402" status="PASS">
          <reporter-output>
          </reporter-output>
        </test-method> <!-- verifyProductNamePresence -->
        <test-method is-config="true" signature="CloseBrowser()[pri:0, instance:com.rt.collections.test.WorkwearEdit_Test@792b749c]" started-at="2024-10-02T15:14:59 IST" name="CloseBrowser" finished-at="2024-10-02T15:14:59 IST" duration-ms="98" status="PASS">
          <reporter-output>
          </reporter-output>
        </test-method> <!-- CloseBrowser -->
        <test-method is-config="true" signature="openBrowser()[pri:0, instance:com.rt.collections.test.WorkwearEdit_Test@792b749c]" started-at="2024-10-02T15:14:59 IST" name="openBrowser" finished-at="2024-10-02T15:15:02 IST" duration-ms="2845" status="PASS">
          <reporter-output>
          </reporter-output>
        </test-method> <!-- openBrowser -->
        <test-method signature="verifyProductPricesPresence()[pri:0, instance:com.rt.collections.test.WorkwearEdit_Test@792b749c]" started-at="2024-10-02T15:15:02 IST" name="verifyProductPricesPresence" finished-at="2024-10-02T15:15:15 IST" duration-ms="12780" status="PASS">
          <reporter-output>
          </reporter-output>
        </test-method> <!-- verifyProductPricesPresence -->
        <test-method is-config="true" signature="loadObject()[pri:0, instance:com.rt.collections.test.WorkwearEdit_Test@792b749c]" started-at="2024-10-02T15:15:02 IST" name="loadObject" finished-at="2024-10-02T15:15:02 IST" duration-ms="0" status="PASS">
          <reporter-output>
          </reporter-output>
        </test-method> <!-- loadObject -->
        <test-method is-config="true" signature="CloseBrowser()[pri:0, instance:com.rt.collections.test.WorkwearEdit_Test@792b749c]" started-at="2024-10-02T15:15:15 IST" name="CloseBrowser" finished-at="2024-10-02T15:15:15 IST" duration-ms="96" status="PASS">
          <reporter-output>
          </reporter-output>
        </test-method> <!-- CloseBrowser -->
        <test-method is-config="true" signature="openBrowser()[pri:0, instance:com.rt.collections.test.WorkwearEdit_Test@792b749c]" started-at="2024-10-02T15:15:15 IST" name="openBrowser" finished-at="2024-10-02T15:15:19 IST" duration-ms="3880" status="PASS">
          <reporter-output>
          </reporter-output>
        </test-method> <!-- openBrowser -->
        <test-method signature="verifyProductsOnThePage()[pri:0, instance:com.rt.collections.test.WorkwearEdit_Test@792b749c]" started-at="2024-10-02T15:15:19 IST" name="verifyProductsOnThePage" finished-at="2024-10-02T15:15:32 IST" duration-ms="13221" status="PASS">
          <reporter-output>
          </reporter-output>
        </test-method> <!-- verifyProductsOnThePage -->
        <test-method is-config="true" signature="loadObject()[pri:0, instance:com.rt.collections.test.WorkwearEdit_Test@792b749c]" started-at="2024-10-02T15:15:19 IST" name="loadObject" finished-at="2024-10-02T15:15:19 IST" duration-ms="0" status="PASS">
          <reporter-output>
          </reporter-output>
        </test-method> <!-- loadObject -->
        <test-method is-config="true" signature="CloseBrowser()[pri:0, instance:com.rt.collections.test.WorkwearEdit_Test@792b749c]" started-at="2024-10-02T15:15:32 IST" name="CloseBrowser" finished-at="2024-10-02T15:15:32 IST" duration-ms="114" status="PASS">
          <reporter-output>
          </reporter-output>
        </test-method> <!-- CloseBrowser -->
        <test-method is-config="true" signature="openBrowser()[pri:0, instance:com.rt.collections.test.WorkwearEdit_Test@792b749c]" started-at="2024-10-02T15:15:32 IST" name="openBrowser" finished-at="2024-10-02T15:15:36 IST" duration-ms="4047" status="PASS">
          <reporter-output>
          </reporter-output>
        </test-method> <!-- openBrowser -->
        <test-method signature="verifyProductsQuickAddEnable()[pri:0, instance:com.rt.collections.test.WorkwearEdit_Test@792b749c]" started-at="2024-10-02T15:15:36 IST" name="verifyProductsQuickAddEnable" finished-at="2024-10-02T15:16:03 IST" duration-ms="26542" status="PASS">
          <reporter-output>
          </reporter-output>
        </test-method> <!-- verifyProductsQuickAddEnable -->
        <test-method is-config="true" signature="loadObject()[pri:0, instance:com.rt.collections.test.WorkwearEdit_Test@792b749c]" started-at="2024-10-02T15:15:36 IST" name="loadObject" finished-at="2024-10-02T15:15:36 IST" duration-ms="0" status="PASS">
          <reporter-output>
          </reporter-output>
        </test-method> <!-- loadObject -->
        <test-method is-config="true" signature="CloseBrowser()[pri:0, instance:com.rt.collections.test.WorkwearEdit_Test@792b749c]" started-at="2024-10-02T15:16:03 IST" name="CloseBrowser" finished-at="2024-10-02T15:16:03 IST" duration-ms="112" status="PASS">
          <reporter-output>
          </reporter-output>
        </test-method> <!-- CloseBrowser -->
        <test-method is-config="true" signature="openBrowser()[pri:0, instance:com.rt.collections.test.WorkwearEdit_Test@792b749c]" started-at="2024-10-02T15:16:03 IST" name="openBrowser" finished-at="2024-10-02T15:16:07 IST" duration-ms="4179" status="PASS">
          <reporter-output>
          </reporter-output>
        </test-method> <!-- openBrowser -->
        <test-method is-config="true" signature="loadObject()[pri:0, instance:com.rt.collections.test.WorkwearEdit_Test@792b749c]" started-at="2024-10-02T15:16:07 IST" name="loadObject" finished-at="2024-10-02T15:16:07 IST" duration-ms="1" status="PASS">
          <reporter-output>
          </reporter-output>
        </test-method> <!-- loadObject -->
        <test-method signature="verifySortByFilter()[pri:0, instance:com.rt.collections.test.WorkwearEdit_Test@792b749c]" started-at="2024-10-02T15:16:07 IST" name="verifySortByFilter" finished-at="2024-10-02T15:16:30 IST" duration-ms="22652" status="PASS">
          <reporter-output>
          </reporter-output>
        </test-method> <!-- verifySortByFilter -->
        <test-method is-config="true" signature="CloseBrowser()[pri:0, instance:com.rt.collections.test.WorkwearEdit_Test@792b749c]" started-at="2024-10-02T15:16:30 IST" name="CloseBrowser" finished-at="2024-10-02T15:16:30 IST" duration-ms="118" status="PASS">
          <reporter-output>
          </reporter-output>
        </test-method> <!-- CloseBrowser -->
        <test-method is-config="true" signature="openBrowser()[pri:0, instance:com.rt.collections.test.WorkwearEdit_Test@792b749c]" started-at="2024-10-02T15:16:30 IST" name="openBrowser" finished-at="2024-10-02T15:16:35 IST" duration-ms="5678" status="PASS">
          <reporter-output>
          </reporter-output>
        </test-method> <!-- openBrowser -->
        <test-method is-config="true" signature="loadObject()[pri:0, instance:com.rt.collections.test.WorkwearEdit_Test@792b749c]" started-at="2024-10-02T15:16:35 IST" name="loadObject" finished-at="2024-10-02T15:16:35 IST" duration-ms="1" status="PASS">
          <reporter-output>
          </reporter-output>
        </test-method> <!-- loadObject -->
        <test-method signature="verifyfiltersPresenceAndEnable()[pri:0, instance:com.rt.collections.test.WorkwearEdit_Test@792b749c]" started-at="2024-10-02T15:16:35 IST" name="verifyfiltersPresenceAndEnable" finished-at="2024-10-02T15:16:48 IST" duration-ms="12747" status="PASS">
          <reporter-output>
          </reporter-output>
        </test-method> <!-- verifyfiltersPresenceAndEnable -->
        <test-method is-config="true" signature="CloseBrowser()[pri:0, instance:com.rt.collections.test.WorkwearEdit_Test@792b749c]" started-at="2024-10-02T15:16:48 IST" name="CloseBrowser" finished-at="2024-10-02T15:16:48 IST" duration-ms="102" status="PASS">
          <reporter-output>
          </reporter-output>
        </test-method> <!-- CloseBrowser -->
      </class> <!-- com.rt.collections.test.WorkwearEdit_Test -->
      <class name="com.rt.collections.test.Spring24Collection_Test">
        <test-method is-config="true" signature="openBrowser()[pri:0, instance:com.rt.collections.test.Spring24Collection_Test@43df23d3]" started-at="2024-10-02T14:56:33 IST" name="openBrowser" finished-at="2024-10-02T14:56:37 IST" duration-ms="3727" status="PASS">
          <reporter-output>
          </reporter-output>
        </test-method> <!-- openBrowser -->
        <test-method is-config="true" signature="laodObject()[pri:0, instance:com.rt.collections.test.Spring24Collection_Test@43df23d3]" started-at="2024-10-02T14:56:37 IST" name="laodObject" finished-at="2024-10-02T14:56:37 IST" duration-ms="6" status="PASS">
          <reporter-output>
          </reporter-output>
        </test-method> <!-- laodObject -->
        <test-method signature="verifyColorSwatchesPresenceAndEnable()[pri:0, instance:com.rt.collections.test.Spring24Collection_Test@43df23d3]" started-at="2024-10-02T14:56:37 IST" name="verifyColorSwatchesPresenceAndEnable" finished-at="2024-10-02T15:00:19 IST" duration-ms="222089" status="PASS">
          <reporter-output>
          </reporter-output>
        </test-method> <!-- verifyColorSwatchesPresenceAndEnable -->
        <test-method is-config="true" signature="CloseBrowser()[pri:0, instance:com.rt.collections.test.Spring24Collection_Test@43df23d3]" started-at="2024-10-02T15:00:19 IST" name="CloseBrowser" finished-at="2024-10-02T15:00:19 IST" duration-ms="96" status="PASS">
          <reporter-output>
          </reporter-output>
        </test-method> <!-- CloseBrowser -->
        <test-method is-config="true" signature="openBrowser()[pri:0, instance:com.rt.collections.test.Spring24Collection_Test@43df23d3]" started-at="2024-10-02T15:00:19 IST" name="openBrowser" finished-at="2024-10-02T15:00:25 IST" duration-ms="5819" status="PASS">
          <reporter-output>
          </reporter-output>
        </test-method> <!-- openBrowser -->
        <test-method signature="verifyPageLoadTime()[pri:0, instance:com.rt.collections.test.Spring24Collection_Test@43df23d3]" started-at="2024-10-02T15:00:25 IST" name="verifyPageLoadTime" finished-at="2024-10-02T15:00:40 IST" duration-ms="14653" status="PASS">
          <reporter-output>
          </reporter-output>
        </test-method> <!-- verifyPageLoadTime -->
        <test-method is-config="true" signature="laodObject()[pri:0, instance:com.rt.collections.test.Spring24Collection_Test@43df23d3]" started-at="2024-10-02T15:00:25 IST" name="laodObject" finished-at="2024-10-02T15:00:25 IST" duration-ms="0" status="PASS">
          <reporter-output>
          </reporter-output>
        </test-method> <!-- laodObject -->
        <test-method is-config="true" signature="CloseBrowser()[pri:0, instance:com.rt.collections.test.Spring24Collection_Test@43df23d3]" started-at="2024-10-02T15:00:40 IST" name="CloseBrowser" finished-at="2024-10-02T15:00:40 IST" duration-ms="99" status="PASS">
          <reporter-output>
          </reporter-output>
        </test-method> <!-- CloseBrowser -->
        <test-method is-config="true" signature="openBrowser()[pri:0, instance:com.rt.collections.test.Spring24Collection_Test@43df23d3]" started-at="2024-10-02T15:00:40 IST" name="openBrowser" finished-at="2024-10-02T15:00:43 IST" duration-ms="2960" status="PASS">
          <reporter-output>
          </reporter-output>
        </test-method> <!-- openBrowser -->
        <test-method signature="verifyPageTitle()[pri:0, instance:com.rt.collections.test.Spring24Collection_Test@43df23d3]" started-at="2024-10-02T15:00:43 IST" name="verifyPageTitle" finished-at="2024-10-02T15:00:55 IST" duration-ms="12125" status="PASS">
          <reporter-output>
          </reporter-output>
        </test-method> <!-- verifyPageTitle -->
        <test-method is-config="true" signature="laodObject()[pri:0, instance:com.rt.collections.test.Spring24Collection_Test@43df23d3]" started-at="2024-10-02T15:00:43 IST" name="laodObject" finished-at="2024-10-02T15:00:43 IST" duration-ms="0" status="PASS">
          <reporter-output>
          </reporter-output>
        </test-method> <!-- laodObject -->
        <test-method is-config="true" signature="CloseBrowser()[pri:0, instance:com.rt.collections.test.Spring24Collection_Test@43df23d3]" started-at="2024-10-02T15:00:55 IST" name="CloseBrowser" finished-at="2024-10-02T15:00:55 IST" duration-ms="99" status="PASS">
          <reporter-output>
          </reporter-output>
        </test-method> <!-- CloseBrowser -->
        <test-method is-config="true" signature="openBrowser()[pri:0, instance:com.rt.collections.test.Spring24Collection_Test@43df23d3]" started-at="2024-10-02T15:00:55 IST" name="openBrowser" finished-at="2024-10-02T15:00:58 IST" duration-ms="2720" status="PASS">
          <reporter-output>
          </reporter-output>
        </test-method> <!-- openBrowser -->
        <test-method is-config="true" signature="laodObject()[pri:0, instance:com.rt.collections.test.Spring24Collection_Test@43df23d3]" started-at="2024-10-02T15:00:58 IST" name="laodObject" finished-at="2024-10-02T15:00:58 IST" duration-ms="0" status="PASS">
          <reporter-output>
          </reporter-output>
        </test-method> <!-- laodObject -->
        <test-method signature="verifyPageURL()[pri:0, instance:com.rt.collections.test.Spring24Collection_Test@43df23d3]" started-at="2024-10-02T15:00:58 IST" name="verifyPageURL" finished-at="2024-10-02T15:01:10 IST" duration-ms="12616" status="PASS">
          <reporter-output>
          </reporter-output>
        </test-method> <!-- verifyPageURL -->
        <test-method is-config="true" signature="CloseBrowser()[pri:0, instance:com.rt.collections.test.Spring24Collection_Test@43df23d3]" started-at="2024-10-02T15:01:10 IST" name="CloseBrowser" finished-at="2024-10-02T15:01:11 IST" duration-ms="121" status="PASS">
          <reporter-output>
          </reporter-output>
        </test-method> <!-- CloseBrowser -->
        <test-method is-config="true" signature="openBrowser()[pri:0, instance:com.rt.collections.test.Spring24Collection_Test@43df23d3]" started-at="2024-10-02T15:01:11 IST" name="openBrowser" finished-at="2024-10-02T15:01:15 IST" duration-ms="3965" status="PASS">
          <reporter-output>
          </reporter-output>
        </test-method> <!-- openBrowser -->
        <test-method signature="verifyProductNamePresence()[pri:0, instance:com.rt.collections.test.Spring24Collection_Test@43df23d3]" started-at="2024-10-02T15:01:15 IST" name="verifyProductNamePresence" finished-at="2024-10-02T15:01:27 IST" duration-ms="12797" status="PASS">
          <reporter-output>
          </reporter-output>
        </test-method> <!-- verifyProductNamePresence -->
        <test-method is-config="true" signature="laodObject()[pri:0, instance:com.rt.collections.test.Spring24Collection_Test@43df23d3]" started-at="2024-10-02T15:01:15 IST" name="laodObject" finished-at="2024-10-02T15:01:15 IST" duration-ms="0" status="PASS">
          <reporter-output>
          </reporter-output>
        </test-method> <!-- laodObject -->
        <test-method is-config="true" signature="CloseBrowser()[pri:0, instance:com.rt.collections.test.Spring24Collection_Test@43df23d3]" started-at="2024-10-02T15:01:27 IST" name="CloseBrowser" finished-at="2024-10-02T15:01:27 IST" duration-ms="92" status="PASS">
          <reporter-output>
          </reporter-output>
        </test-method> <!-- CloseBrowser -->
        <test-method is-config="true" signature="openBrowser()[pri:0, instance:com.rt.collections.test.Spring24Collection_Test@43df23d3]" started-at="2024-10-02T15:01:27 IST" name="openBrowser" finished-at="2024-10-02T15:01:30 IST" duration-ms="3046" status="PASS">
          <reporter-output>
          </reporter-output>
        </test-method> <!-- openBrowser -->
        <test-method is-config="true" signature="laodObject()[pri:0, instance:com.rt.collections.test.Spring24Collection_Test@43df23d3]" started-at="2024-10-02T15:01:30 IST" name="laodObject" finished-at="2024-10-02T15:01:30 IST" duration-ms="1" status="PASS">
          <reporter-output>
          </reporter-output>
        </test-method> <!-- laodObject -->
        <test-method signature="verifyProductPricesPresence()[pri:0, instance:com.rt.collections.test.Spring24Collection_Test@43df23d3]" started-at="2024-10-02T15:01:30 IST" name="verifyProductPricesPresence" finished-at="2024-10-02T15:01:43 IST" duration-ms="12184" status="PASS">
          <reporter-output>
          </reporter-output>
        </test-method> <!-- verifyProductPricesPresence -->
        <test-method is-config="true" signature="CloseBrowser()[pri:0, instance:com.rt.collections.test.Spring24Collection_Test@43df23d3]" started-at="2024-10-02T15:01:43 IST" name="CloseBrowser" finished-at="2024-10-02T15:01:43 IST" duration-ms="89" status="PASS">
          <reporter-output>
          </reporter-output>
        </test-method> <!-- CloseBrowser -->
        <test-method is-config="true" signature="openBrowser()[pri:0, instance:com.rt.collections.test.Spring24Collection_Test@43df23d3]" started-at="2024-10-02T15:01:43 IST" name="openBrowser" finished-at="2024-10-02T15:01:45 IST" duration-ms="2699" status="PASS">
          <reporter-output>
          </reporter-output>
        </test-method> <!-- openBrowser -->
        <test-method is-config="true" signature="laodObject()[pri:0, instance:com.rt.collections.test.Spring24Collection_Test@43df23d3]" started-at="2024-10-02T15:01:45 IST" name="laodObject" finished-at="2024-10-02T15:01:45 IST" duration-ms="1" status="PASS">
          <reporter-output>
          </reporter-output>
        </test-method> <!-- laodObject -->
        <test-method signature="verifyProductsOnThePage()[pri:0, instance:com.rt.collections.test.Spring24Collection_Test@43df23d3]" started-at="2024-10-02T15:01:45 IST" name="verifyProductsOnThePage" finished-at="2024-10-02T15:01:58 IST" duration-ms="12806" status="PASS">
          <reporter-output>
          </reporter-output>
        </test-method> <!-- verifyProductsOnThePage -->
        <test-method is-config="true" signature="CloseBrowser()[pri:0, instance:com.rt.collections.test.Spring24Collection_Test@43df23d3]" started-at="2024-10-02T15:01:58 IST" name="CloseBrowser" finished-at="2024-10-02T15:01:58 IST" duration-ms="88" status="PASS">
          <reporter-output>
          </reporter-output>
        </test-method> <!-- CloseBrowser -->
        <test-method is-config="true" signature="openBrowser()[pri:0, instance:com.rt.collections.test.Spring24Collection_Test@43df23d3]" started-at="2024-10-02T15:01:58 IST" name="openBrowser" finished-at="2024-10-02T15:02:01 IST" duration-ms="2418" status="PASS">
          <reporter-output>
          </reporter-output>
        </test-method> <!-- openBrowser -->
        <test-method is-config="true" signature="laodObject()[pri:0, instance:com.rt.collections.test.Spring24Collection_Test@43df23d3]" started-at="2024-10-02T15:02:01 IST" name="laodObject" finished-at="2024-10-02T15:02:01 IST" duration-ms="1" status="PASS">
          <reporter-output>
          </reporter-output>
        </test-method> <!-- laodObject -->
        <test-method signature="verifyProductsQuickAddEnable()[pri:0, instance:com.rt.collections.test.Spring24Collection_Test@43df23d3]" started-at="2024-10-02T15:02:01 IST" name="verifyProductsQuickAddEnable" finished-at="2024-10-02T15:02:36 IST" duration-ms="35498" status="PASS">
          <reporter-output>
          </reporter-output>
        </test-method> <!-- verifyProductsQuickAddEnable -->
        <test-method is-config="true" signature="CloseBrowser()[pri:0, instance:com.rt.collections.test.Spring24Collection_Test@43df23d3]" started-at="2024-10-02T15:02:36 IST" name="CloseBrowser" finished-at="2024-10-02T15:02:36 IST" duration-ms="98" status="PASS">
          <reporter-output>
          </reporter-output>
        </test-method> <!-- CloseBrowser -->
        <test-method is-config="true" signature="openBrowser()[pri:0, instance:com.rt.collections.test.Spring24Collection_Test@43df23d3]" started-at="2024-10-02T15:02:36 IST" name="openBrowser" finished-at="2024-10-02T15:02:39 IST" duration-ms="2298" status="PASS">
          <reporter-output>
          </reporter-output>
        </test-method> <!-- openBrowser -->
        <test-method is-config="true" signature="laodObject()[pri:0, instance:com.rt.collections.test.Spring24Collection_Test@43df23d3]" started-at="2024-10-02T15:02:39 IST" name="laodObject" finished-at="2024-10-02T15:02:39 IST" duration-ms="0" status="PASS">
          <reporter-output>
          </reporter-output>
        </test-method> <!-- laodObject -->
        <test-method signature="verifySortByFilter()[pri:0, instance:com.rt.collections.test.Spring24Collection_Test@43df23d3]" started-at="2024-10-02T15:02:39 IST" name="verifySortByFilter" finished-at="2024-10-02T15:03:01 IST" duration-ms="21888" status="PASS">
          <reporter-output>
          </reporter-output>
        </test-method> <!-- verifySortByFilter -->
        <test-method is-config="true" signature="CloseBrowser()[pri:0, instance:com.rt.collections.test.Spring24Collection_Test@43df23d3]" started-at="2024-10-02T15:03:01 IST" name="CloseBrowser" finished-at="2024-10-02T15:03:01 IST" duration-ms="92" status="PASS">
          <reporter-output>
          </reporter-output>
        </test-method> <!-- CloseBrowser -->
        <test-method is-config="true" signature="openBrowser()[pri:0, instance:com.rt.collections.test.Spring24Collection_Test@43df23d3]" started-at="2024-10-02T15:03:01 IST" name="openBrowser" finished-at="2024-10-02T15:03:05 IST" duration-ms="4179" status="PASS">
          <reporter-output>
          </reporter-output>
        </test-method> <!-- openBrowser -->
        <test-method signature="verifyfiltersPresenceAndEnable()[pri:0, instance:com.rt.collections.test.Spring24Collection_Test@43df23d3]" started-at="2024-10-02T15:03:05 IST" name="verifyfiltersPresenceAndEnable" finished-at="2024-10-02T15:03:17 IST" duration-ms="11772" status="PASS">
          <reporter-output>
          </reporter-output>
        </test-method> <!-- verifyfiltersPresenceAndEnable -->
        <test-method is-config="true" signature="laodObject()[pri:0, instance:com.rt.collections.test.Spring24Collection_Test@43df23d3]" started-at="2024-10-02T15:03:05 IST" name="laodObject" finished-at="2024-10-02T15:03:05 IST" duration-ms="0" status="PASS">
          <reporter-output>
          </reporter-output>
        </test-method> <!-- laodObject -->
        <test-method is-config="true" signature="CloseBrowser()[pri:0, instance:com.rt.collections.test.Spring24Collection_Test@43df23d3]" started-at="2024-10-02T15:03:17 IST" name="CloseBrowser" finished-at="2024-10-02T15:03:17 IST" duration-ms="93" status="PASS">
          <reporter-output>
          </reporter-output>
        </test-method> <!-- CloseBrowser -->
      </class> <!-- com.rt.collections.test.Spring24Collection_Test -->
      <class name="com.rt.clothing.test.ViewAll_Test">
        <test-method is-config="true" signature="openBrowser()[pri:0, instance:com.rt.clothing.test.ViewAll_Test@359df09a]" started-at="2024-10-02T14:48:48 IST" name="openBrowser" finished-at="2024-10-02T14:48:51 IST" duration-ms="3138" status="PASS">
          <reporter-output>
          </reporter-output>
        </test-method> <!-- openBrowser -->
        <test-method is-config="true" signature="loadObject()[pri:0, instance:com.rt.clothing.test.ViewAll_Test@359df09a]" started-at="2024-10-02T14:48:51 IST" name="loadObject" finished-at="2024-10-02T14:48:51 IST" duration-ms="4" status="PASS">
          <reporter-output>
          </reporter-output>
        </test-method> <!-- loadObject -->
        <test-method signature="verifyColorSwatchesPresenceAndEnable()[pri:0, instance:com.rt.clothing.test.ViewAll_Test@359df09a]" started-at="2024-10-02T14:48:51 IST" name="verifyColorSwatchesPresenceAndEnable" finished-at="2024-10-02T14:52:34 IST" duration-ms="222554" status="PASS">
          <reporter-output>
          </reporter-output>
        </test-method> <!-- verifyColorSwatchesPresenceAndEnable -->
        <test-method is-config="true" signature="CloseBrowser()[pri:0, instance:com.rt.clothing.test.ViewAll_Test@359df09a]" started-at="2024-10-02T14:52:34 IST" name="CloseBrowser" finished-at="2024-10-02T14:52:34 IST" duration-ms="97" status="PASS">
          <reporter-output>
          </reporter-output>
        </test-method> <!-- CloseBrowser -->
        <test-method is-config="true" signature="openBrowser()[pri:0, instance:com.rt.clothing.test.ViewAll_Test@359df09a]" started-at="2024-10-02T14:52:34 IST" name="openBrowser" finished-at="2024-10-02T14:52:37 IST" duration-ms="3021" status="PASS">
          <reporter-output>
          </reporter-output>
        </test-method> <!-- openBrowser -->
        <test-method is-config="true" signature="loadObject()[pri:0, instance:com.rt.clothing.test.ViewAll_Test@359df09a]" started-at="2024-10-02T14:52:37 IST" name="loadObject" finished-at="2024-10-02T14:52:37 IST" duration-ms="1" status="PASS">
          <reporter-output>
          </reporter-output>
        </test-method> <!-- loadObject -->
        <test-method signature="verifyPageLoadTime()[pri:0, instance:com.rt.clothing.test.ViewAll_Test@359df09a]" started-at="2024-10-02T14:52:37 IST" name="verifyPageLoadTime" finished-at="2024-10-02T14:52:51 IST" duration-ms="13941" status="PASS">
          <reporter-output>
          </reporter-output>
        </test-method> <!-- verifyPageLoadTime -->
        <test-method is-config="true" signature="CloseBrowser()[pri:0, instance:com.rt.clothing.test.ViewAll_Test@359df09a]" started-at="2024-10-02T14:52:51 IST" name="CloseBrowser" finished-at="2024-10-02T14:52:51 IST" duration-ms="94" status="PASS">
          <reporter-output>
          </reporter-output>
        </test-method> <!-- CloseBrowser -->
        <test-method is-config="true" signature="openBrowser()[pri:0, instance:com.rt.clothing.test.ViewAll_Test@359df09a]" started-at="2024-10-02T14:52:51 IST" name="openBrowser" finished-at="2024-10-02T14:52:53 IST" duration-ms="2587" status="PASS">
          <reporter-output>
          </reporter-output>
        </test-method> <!-- openBrowser -->
        <test-method is-config="true" signature="loadObject()[pri:0, instance:com.rt.clothing.test.ViewAll_Test@359df09a]" started-at="2024-10-02T14:52:53 IST" name="loadObject" finished-at="2024-10-02T14:52:53 IST" duration-ms="1" status="PASS">
          <reporter-output>
          </reporter-output>
        </test-method> <!-- loadObject -->
        <test-method signature="verifyPageTitle()[pri:0, instance:com.rt.clothing.test.ViewAll_Test@359df09a]" started-at="2024-10-02T14:52:53 IST" name="verifyPageTitle" finished-at="2024-10-02T14:53:07 IST" duration-ms="13333" status="PASS">
          <reporter-output>
          </reporter-output>
        </test-method> <!-- verifyPageTitle -->
        <test-method is-config="true" signature="CloseBrowser()[pri:0, instance:com.rt.clothing.test.ViewAll_Test@359df09a]" started-at="2024-10-02T14:53:07 IST" name="CloseBrowser" finished-at="2024-10-02T14:53:07 IST" duration-ms="95" status="PASS">
          <reporter-output>
          </reporter-output>
        </test-method> <!-- CloseBrowser -->
        <test-method is-config="true" signature="openBrowser()[pri:0, instance:com.rt.clothing.test.ViewAll_Test@359df09a]" started-at="2024-10-02T14:53:07 IST" name="openBrowser" finished-at="2024-10-02T14:53:09 IST" duration-ms="2671" status="PASS">
          <reporter-output>
          </reporter-output>
        </test-method> <!-- openBrowser -->
        <test-method is-config="true" signature="loadObject()[pri:0, instance:com.rt.clothing.test.ViewAll_Test@359df09a]" started-at="2024-10-02T14:53:09 IST" name="loadObject" finished-at="2024-10-02T14:53:09 IST" duration-ms="1" status="PASS">
          <reporter-output>
          </reporter-output>
        </test-method> <!-- loadObject -->
        <test-method signature="verifyPageURL()[pri:0, instance:com.rt.clothing.test.ViewAll_Test@359df09a]" started-at="2024-10-02T14:53:09 IST" name="verifyPageURL" finished-at="2024-10-02T14:53:22 IST" duration-ms="12413" status="PASS">
          <reporter-output>
          </reporter-output>
        </test-method> <!-- verifyPageURL -->
        <test-method is-config="true" signature="CloseBrowser()[pri:0, instance:com.rt.clothing.test.ViewAll_Test@359df09a]" started-at="2024-10-02T14:53:22 IST" name="CloseBrowser" finished-at="2024-10-02T14:53:22 IST" duration-ms="90" status="PASS">
          <reporter-output>
          </reporter-output>
        </test-method> <!-- CloseBrowser -->
        <test-method is-config="true" signature="openBrowser()[pri:0, instance:com.rt.clothing.test.ViewAll_Test@359df09a]" started-at="2024-10-02T14:53:22 IST" name="openBrowser" finished-at="2024-10-02T14:53:25 IST" duration-ms="3344" status="PASS">
          <reporter-output>
          </reporter-output>
        </test-method> <!-- openBrowser -->
        <test-method is-config="true" signature="loadObject()[pri:0, instance:com.rt.clothing.test.ViewAll_Test@359df09a]" started-at="2024-10-02T14:53:25 IST" name="loadObject" finished-at="2024-10-02T14:53:25 IST" duration-ms="2" status="PASS">
          <reporter-output>
          </reporter-output>
        </test-method> <!-- loadObject -->
        <test-method signature="verifyProductNamePresence()[pri:0, instance:com.rt.clothing.test.ViewAll_Test@359df09a]" started-at="2024-10-02T14:53:25 IST" name="verifyProductNamePresence" finished-at="2024-10-02T14:54:32 IST" duration-ms="66691" status="PASS">
          <reporter-output>
          </reporter-output>
        </test-method> <!-- verifyProductNamePresence -->
        <test-method is-config="true" signature="CloseBrowser()[pri:0, instance:com.rt.clothing.test.ViewAll_Test@359df09a]" started-at="2024-10-02T14:54:32 IST" name="CloseBrowser" finished-at="2024-10-02T14:54:32 IST" duration-ms="101" status="PASS">
          <reporter-output>
          </reporter-output>
        </test-method> <!-- CloseBrowser -->
        <test-method is-config="true" signature="openBrowser()[pri:0, instance:com.rt.clothing.test.ViewAll_Test@359df09a]" started-at="2024-10-02T14:54:32 IST" name="openBrowser" finished-at="2024-10-02T14:54:35 IST" duration-ms="3389" status="PASS">
          <reporter-output>
          </reporter-output>
        </test-method> <!-- openBrowser -->
        <test-method is-config="true" signature="loadObject()[pri:0, instance:com.rt.clothing.test.ViewAll_Test@359df09a]" started-at="2024-10-02T14:54:35 IST" name="loadObject" finished-at="2024-10-02T14:54:35 IST" duration-ms="1" status="PASS">
          <reporter-output>
          </reporter-output>
        </test-method> <!-- loadObject -->
        <test-method signature="verifyProductPricesPresence()[pri:0, instance:com.rt.clothing.test.ViewAll_Test@359df09a]" started-at="2024-10-02T14:54:35 IST" name="verifyProductPricesPresence" finished-at="2024-10-02T14:54:52 IST" duration-ms="16642" status="PASS">
          <reporter-output>
          </reporter-output>
        </test-method> <!-- verifyProductPricesPresence -->
        <test-method is-config="true" signature="CloseBrowser()[pri:0, instance:com.rt.clothing.test.ViewAll_Test@359df09a]" started-at="2024-10-02T14:54:52 IST" name="CloseBrowser" finished-at="2024-10-02T14:54:52 IST" duration-ms="107" status="PASS">
          <reporter-output>
          </reporter-output>
        </test-method> <!-- CloseBrowser -->
        <test-method is-config="true" signature="openBrowser()[pri:0, instance:com.rt.clothing.test.ViewAll_Test@359df09a]" started-at="2024-10-02T14:54:52 IST" name="openBrowser" finished-at="2024-10-02T14:54:56 IST" duration-ms="3392" status="PASS">
          <reporter-output>
          </reporter-output>
        </test-method> <!-- openBrowser -->
        <test-method signature="verifyProductsOnThePage()[pri:0, instance:com.rt.clothing.test.ViewAll_Test@359df09a]" started-at="2024-10-02T14:54:56 IST" name="verifyProductsOnThePage" finished-at="2024-10-02T14:55:13 IST" duration-ms="17774" status="PASS">
          <reporter-output>
          </reporter-output>
        </test-method> <!-- verifyProductsOnThePage -->
        <test-method is-config="true" signature="loadObject()[pri:0, instance:com.rt.clothing.test.ViewAll_Test@359df09a]" started-at="2024-10-02T14:54:56 IST" name="loadObject" finished-at="2024-10-02T14:54:56 IST" duration-ms="0" status="PASS">
          <reporter-output>
          </reporter-output>
        </test-method> <!-- loadObject -->
        <test-method is-config="true" signature="CloseBrowser()[pri:0, instance:com.rt.clothing.test.ViewAll_Test@359df09a]" started-at="2024-10-02T14:55:13 IST" name="CloseBrowser" finished-at="2024-10-02T14:55:13 IST" duration-ms="116" status="PASS">
          <reporter-output>
          </reporter-output>
        </test-method> <!-- CloseBrowser -->
        <test-method is-config="true" signature="openBrowser()[pri:0, instance:com.rt.clothing.test.ViewAll_Test@359df09a]" started-at="2024-10-02T14:55:13 IST" name="openBrowser" finished-at="2024-10-02T14:55:17 IST" duration-ms="3762" status="PASS">
          <reporter-output>
          </reporter-output>
        </test-method> <!-- openBrowser -->
        <test-method signature="verifyProductsQuickAddEnable()[pri:0, instance:com.rt.clothing.test.ViewAll_Test@359df09a]" started-at="2024-10-02T14:55:17 IST" name="verifyProductsQuickAddEnable" finished-at="2024-10-02T14:55:52 IST" duration-ms="34979" status="PASS">
          <reporter-output>
          </reporter-output>
        </test-method> <!-- verifyProductsQuickAddEnable -->
        <test-method is-config="true" signature="loadObject()[pri:0, instance:com.rt.clothing.test.ViewAll_Test@359df09a]" started-at="2024-10-02T14:55:17 IST" name="loadObject" finished-at="2024-10-02T14:55:17 IST" duration-ms="0" status="PASS">
          <reporter-output>
          </reporter-output>
        </test-method> <!-- loadObject -->
        <test-method is-config="true" signature="CloseBrowser()[pri:0, instance:com.rt.clothing.test.ViewAll_Test@359df09a]" started-at="2024-10-02T14:55:52 IST" name="CloseBrowser" finished-at="2024-10-02T14:55:52 IST" duration-ms="89" status="PASS">
          <reporter-output>
          </reporter-output>
        </test-method> <!-- CloseBrowser -->
        <test-method is-config="true" signature="openBrowser()[pri:0, instance:com.rt.clothing.test.ViewAll_Test@359df09a]" started-at="2024-10-02T14:55:52 IST" name="openBrowser" finished-at="2024-10-02T14:55:55 IST" duration-ms="2448" status="PASS">
          <reporter-output>
          </reporter-output>
        </test-method> <!-- openBrowser -->
        <test-method signature="verifySortByFilter()[pri:0, instance:com.rt.clothing.test.ViewAll_Test@359df09a]" started-at="2024-10-02T14:55:55 IST" name="verifySortByFilter" finished-at="2024-10-02T14:56:18 IST" duration-ms="23195" status="PASS">
          <reporter-output>
          </reporter-output>
        </test-method> <!-- verifySortByFilter -->
        <test-method is-config="true" signature="loadObject()[pri:0, instance:com.rt.clothing.test.ViewAll_Test@359df09a]" started-at="2024-10-02T14:55:55 IST" name="loadObject" finished-at="2024-10-02T14:55:55 IST" duration-ms="0" status="PASS">
          <reporter-output>
          </reporter-output>
        </test-method> <!-- loadObject -->
        <test-method is-config="true" signature="CloseBrowser()[pri:0, instance:com.rt.clothing.test.ViewAll_Test@359df09a]" started-at="2024-10-02T14:56:18 IST" name="CloseBrowser" finished-at="2024-10-02T14:56:18 IST" duration-ms="86" status="PASS">
          <reporter-output>
          </reporter-output>
        </test-method> <!-- CloseBrowser -->
        <test-method is-config="true" signature="openBrowser()[pri:0, instance:com.rt.clothing.test.ViewAll_Test@359df09a]" started-at="2024-10-02T14:56:18 IST" name="openBrowser" finished-at="2024-10-02T14:56:21 IST" duration-ms="3285" status="PASS">
          <reporter-output>
          </reporter-output>
        </test-method> <!-- openBrowser -->
        <test-method signature="verifyfiltersPresenceAndEnable()[pri:0, instance:com.rt.clothing.test.ViewAll_Test@359df09a]" started-at="2024-10-02T14:56:21 IST" name="verifyfiltersPresenceAndEnable" finished-at="2024-10-02T14:56:33 IST" duration-ms="11989" status="PASS">
          <reporter-output>
          </reporter-output>
        </test-method> <!-- verifyfiltersPresenceAndEnable -->
        <test-method is-config="true" signature="loadObject()[pri:0, instance:com.rt.clothing.test.ViewAll_Test@359df09a]" started-at="2024-10-02T14:56:21 IST" name="loadObject" finished-at="2024-10-02T14:56:21 IST" duration-ms="0" status="PASS">
          <reporter-output>
          </reporter-output>
        </test-method> <!-- loadObject -->
        <test-method is-config="true" signature="CloseBrowser()[pri:0, instance:com.rt.clothing.test.ViewAll_Test@359df09a]" started-at="2024-10-02T14:56:33 IST" name="CloseBrowser" finished-at="2024-10-02T14:56:33 IST" duration-ms="97" status="PASS">
          <reporter-output>
          </reporter-output>
        </test-method> <!-- CloseBrowser -->
      </class> <!-- com.rt.clothing.test.ViewAll_Test -->
      <class name="com.rt.test.ProductATCFlowPage_Test">
        <test-method is-config="true" signature="openBrowser()[pri:0, instance:com.rt.test.ProductATCFlowPage_Test@23e84203]" started-at="2024-10-02T15:16:48 IST" name="openBrowser" finished-at="2024-10-02T15:16:51 IST" duration-ms="3137" status="PASS">
          <reporter-output>
          </reporter-output>
        </test-method> <!-- openBrowser -->
        <test-method is-config="true" signature="loadObject()[pri:0, instance:com.rt.test.ProductATCFlowPage_Test@23e84203]" started-at="2024-10-02T15:16:51 IST" name="loadObject" finished-at="2024-10-02T15:16:51 IST" duration-ms="9" status="PASS">
          <reporter-output>
          </reporter-output>
        </test-method> <!-- loadObject -->
        <test-method signature="verifyUserFlowOfShopping()[pri:0, instance:com.rt.test.ProductATCFlowPage_Test@23e84203]" started-at="2024-10-02T15:16:51 IST" name="verifyUserFlowOfShopping" finished-at="2024-10-02T15:17:31 IST" duration-ms="39445" status="PASS">
          <reporter-output>
          </reporter-output>
        </test-method> <!-- verifyUserFlowOfShopping -->
        <test-method is-config="true" signature="CloseBrowser()[pri:0, instance:com.rt.test.ProductATCFlowPage_Test@23e84203]" started-at="2024-10-02T15:17:31 IST" name="CloseBrowser" finished-at="2024-10-02T15:17:31 IST" duration-ms="122" status="PASS">
          <reporter-output>
          </reporter-output>
        </test-method> <!-- CloseBrowser -->
      </class> <!-- com.rt.test.ProductATCFlowPage_Test -->
      <class name="com.rt.clothing.test.Tops_Test">
        <test-method is-config="true" signature="openBrowser()[pri:0, instance:com.rt.clothing.test.Tops_Test@4a003cbe]" started-at="2024-10-02T14:18:59 IST" name="openBrowser" finished-at="2024-10-02T14:19:04 IST" duration-ms="5274" status="PASS">
          <reporter-output>
          </reporter-output>
        </test-method> <!-- openBrowser -->
        <test-method is-config="true" signature="loadObject()[pri:0, instance:com.rt.clothing.test.Tops_Test@4a003cbe]" started-at="2024-10-02T14:19:04 IST" name="loadObject" finished-at="2024-10-02T14:19:04 IST" duration-ms="6" status="PASS">
          <reporter-output>
          </reporter-output>
        </test-method> <!-- loadObject -->
        <test-method signature="verifyColorSwatchesPresenceAndEnable()[pri:0, instance:com.rt.clothing.test.Tops_Test@4a003cbe]" started-at="2024-10-02T14:19:04 IST" name="verifyColorSwatchesPresenceAndEnable" finished-at="2024-10-02T14:22:47 IST" duration-ms="223235" status="PASS">
          <reporter-output>
          </reporter-output>
        </test-method> <!-- verifyColorSwatchesPresenceAndEnable -->
        <test-method is-config="true" signature="CloseBrowser()[pri:0, instance:com.rt.clothing.test.Tops_Test@4a003cbe]" started-at="2024-10-02T14:22:47 IST" name="CloseBrowser" finished-at="2024-10-02T14:22:47 IST" duration-ms="94" status="PASS">
          <reporter-output>
          </reporter-output>
        </test-method> <!-- CloseBrowser -->
        <test-method is-config="true" signature="openBrowser()[pri:0, instance:com.rt.clothing.test.Tops_Test@4a003cbe]" started-at="2024-10-02T14:22:47 IST" name="openBrowser" finished-at="2024-10-02T14:22:51 IST" duration-ms="3241" status="PASS">
          <reporter-output>
          </reporter-output>
        </test-method> <!-- openBrowser -->
        <test-method is-config="true" signature="loadObject()[pri:0, instance:com.rt.clothing.test.Tops_Test@4a003cbe]" started-at="2024-10-02T14:22:51 IST" name="loadObject" finished-at="2024-10-02T14:22:51 IST" duration-ms="1" status="PASS">
          <reporter-output>
          </reporter-output>
        </test-method> <!-- loadObject -->
        <test-method signature="verifyPageLoadTime()[pri:0, instance:com.rt.clothing.test.Tops_Test@4a003cbe]" started-at="2024-10-02T14:22:51 IST" name="verifyPageLoadTime" finished-at="2024-10-02T14:23:06 IST" duration-ms="15094" status="PASS">
          <reporter-output>
          </reporter-output>
        </test-method> <!-- verifyPageLoadTime -->
        <test-method is-config="true" signature="CloseBrowser()[pri:0, instance:com.rt.clothing.test.Tops_Test@4a003cbe]" started-at="2024-10-02T14:23:06 IST" name="CloseBrowser" finished-at="2024-10-02T14:23:06 IST" duration-ms="112" status="PASS">
          <reporter-output>
          </reporter-output>
        </test-method> <!-- CloseBrowser -->
        <test-method is-config="true" signature="openBrowser()[pri:0, instance:com.rt.clothing.test.Tops_Test@4a003cbe]" started-at="2024-10-02T14:23:06 IST" name="openBrowser" finished-at="2024-10-02T14:23:08 IST" duration-ms="2386" status="PASS">
          <reporter-output>
          </reporter-output>
        </test-method> <!-- openBrowser -->
        <test-method is-config="true" signature="loadObject()[pri:0, instance:com.rt.clothing.test.Tops_Test@4a003cbe]" started-at="2024-10-02T14:23:08 IST" name="loadObject" finished-at="2024-10-02T14:23:08 IST" duration-ms="1" status="PASS">
          <reporter-output>
          </reporter-output>
        </test-method> <!-- loadObject -->
        <test-method signature="verifyPageTitle()[pri:0, instance:com.rt.clothing.test.Tops_Test@4a003cbe]" started-at="2024-10-02T14:23:08 IST" name="verifyPageTitle" finished-at="2024-10-02T14:23:21 IST" duration-ms="12542" status="PASS">
          <reporter-output>
          </reporter-output>
        </test-method> <!-- verifyPageTitle -->
        <test-method is-config="true" signature="CloseBrowser()[pri:0, instance:com.rt.clothing.test.Tops_Test@4a003cbe]" started-at="2024-10-02T14:23:21 IST" name="CloseBrowser" finished-at="2024-10-02T14:23:21 IST" duration-ms="92" status="PASS">
          <reporter-output>
          </reporter-output>
        </test-method> <!-- CloseBrowser -->
        <test-method is-config="true" signature="openBrowser()[pri:0, instance:com.rt.clothing.test.Tops_Test@4a003cbe]" started-at="2024-10-02T14:23:21 IST" name="openBrowser" finished-at="2024-10-02T14:23:25 IST" duration-ms="4352" status="PASS">
          <reporter-output>
          </reporter-output>
        </test-method> <!-- openBrowser -->
        <test-method signature="verifyPageURL()[pri:0, instance:com.rt.clothing.test.Tops_Test@4a003cbe]" started-at="2024-10-02T14:23:25 IST" name="verifyPageURL" finished-at="2024-10-02T14:23:37 IST" duration-ms="12115" status="PASS">
          <reporter-output>
          </reporter-output>
        </test-method> <!-- verifyPageURL -->
        <test-method is-config="true" signature="loadObject()[pri:0, instance:com.rt.clothing.test.Tops_Test@4a003cbe]" started-at="2024-10-02T14:23:25 IST" name="loadObject" finished-at="2024-10-02T14:23:25 IST" duration-ms="0" status="PASS">
          <reporter-output>
          </reporter-output>
        </test-method> <!-- loadObject -->
        <test-method is-config="true" signature="CloseBrowser()[pri:0, instance:com.rt.clothing.test.Tops_Test@4a003cbe]" started-at="2024-10-02T14:23:37 IST" name="CloseBrowser" finished-at="2024-10-02T14:23:37 IST" duration-ms="91" status="PASS">
          <reporter-output>
          </reporter-output>
        </test-method> <!-- CloseBrowser -->
        <test-method is-config="true" signature="openBrowser()[pri:0, instance:com.rt.clothing.test.Tops_Test@4a003cbe]" started-at="2024-10-02T14:23:37 IST" name="openBrowser" finished-at="2024-10-02T14:23:40 IST" duration-ms="2957" status="PASS">
          <reporter-output>
          </reporter-output>
        </test-method> <!-- openBrowser -->
        <test-method signature="verifyProductNamePresence()[pri:0, instance:com.rt.clothing.test.Tops_Test@4a003cbe]" started-at="2024-10-02T14:23:40 IST" name="verifyProductNamePresence" finished-at="2024-10-02T14:24:53 IST" duration-ms="72502" status="PASS">
          <reporter-output>
          </reporter-output>
        </test-method> <!-- verifyProductNamePresence -->
        <test-method is-config="true" signature="loadObject()[pri:0, instance:com.rt.clothing.test.Tops_Test@4a003cbe]" started-at="2024-10-02T14:23:40 IST" name="loadObject" finished-at="2024-10-02T14:23:40 IST" duration-ms="0" status="PASS">
          <reporter-output>
          </reporter-output>
        </test-method> <!-- loadObject -->
        <test-method is-config="true" signature="CloseBrowser()[pri:0, instance:com.rt.clothing.test.Tops_Test@4a003cbe]" started-at="2024-10-02T14:24:53 IST" name="CloseBrowser" finished-at="2024-10-02T14:24:53 IST" duration-ms="93" status="PASS">
          <reporter-output>
          </reporter-output>
        </test-method> <!-- CloseBrowser -->
        <test-method is-config="true" signature="openBrowser()[pri:0, instance:com.rt.clothing.test.Tops_Test@4a003cbe]" started-at="2024-10-02T14:24:53 IST" name="openBrowser" finished-at="2024-10-02T14:24:55 IST" duration-ms="2343" status="PASS">
          <reporter-output>
          </reporter-output>
        </test-method> <!-- openBrowser -->
        <test-method is-config="true" signature="loadObject()[pri:0, instance:com.rt.clothing.test.Tops_Test@4a003cbe]" started-at="2024-10-02T14:24:55 IST" name="loadObject" finished-at="2024-10-02T14:24:55 IST" duration-ms="1" status="PASS">
          <reporter-output>
          </reporter-output>
        </test-method> <!-- loadObject -->
        <test-method signature="verifyProductPricesPresence()[pri:0, instance:com.rt.clothing.test.Tops_Test@4a003cbe]" started-at="2024-10-02T14:24:55 IST" name="verifyProductPricesPresence" finished-at="2024-10-02T14:25:19 IST" duration-ms="23713" status="PASS">
          <reporter-output>
          </reporter-output>
        </test-method> <!-- verifyProductPricesPresence -->
        <test-method is-config="true" signature="CloseBrowser()[pri:0, instance:com.rt.clothing.test.Tops_Test@4a003cbe]" started-at="2024-10-02T14:25:19 IST" name="CloseBrowser" finished-at="2024-10-02T14:25:19 IST" duration-ms="95" status="PASS">
          <reporter-output>
          </reporter-output>
        </test-method> <!-- CloseBrowser -->
        <test-method is-config="true" signature="openBrowser()[pri:0, instance:com.rt.clothing.test.Tops_Test@4a003cbe]" started-at="2024-10-02T14:25:19 IST" name="openBrowser" finished-at="2024-10-02T14:25:22 IST" duration-ms="2797" status="PASS">
          <reporter-output>
          </reporter-output>
        </test-method> <!-- openBrowser -->
        <test-method signature="verifyProductsOnThePage()[pri:0, instance:com.rt.clothing.test.Tops_Test@4a003cbe]" started-at="2024-10-02T14:25:22 IST" name="verifyProductsOnThePage" finished-at="2024-10-02T14:25:45 IST" duration-ms="22713" status="PASS">
          <reporter-output>
          </reporter-output>
        </test-method> <!-- verifyProductsOnThePage -->
        <test-method is-config="true" signature="loadObject()[pri:0, instance:com.rt.clothing.test.Tops_Test@4a003cbe]" started-at="2024-10-02T14:25:22 IST" name="loadObject" finished-at="2024-10-02T14:25:22 IST" duration-ms="0" status="PASS">
          <reporter-output>
          </reporter-output>
        </test-method> <!-- loadObject -->
        <test-method is-config="true" signature="CloseBrowser()[pri:0, instance:com.rt.clothing.test.Tops_Test@4a003cbe]" started-at="2024-10-02T14:25:45 IST" name="CloseBrowser" finished-at="2024-10-02T14:25:45 IST" duration-ms="93" status="PASS">
          <reporter-output>
          </reporter-output>
        </test-method> <!-- CloseBrowser -->
        <test-method is-config="true" signature="openBrowser()[pri:0, instance:com.rt.clothing.test.Tops_Test@4a003cbe]" started-at="2024-10-02T14:25:45 IST" name="openBrowser" finished-at="2024-10-02T14:25:49 IST" duration-ms="4368" status="PASS">
          <reporter-output>
          </reporter-output>
        </test-method> <!-- openBrowser -->
        <test-method is-config="true" signature="loadObject()[pri:0, instance:com.rt.clothing.test.Tops_Test@4a003cbe]" started-at="2024-10-02T14:25:49 IST" name="loadObject" finished-at="2024-10-02T14:25:49 IST" duration-ms="1" status="PASS">
          <reporter-output>
          </reporter-output>
        </test-method> <!-- loadObject -->
        <test-method signature="verifyProductsQuickAddEnable()[pri:0, instance:com.rt.clothing.test.Tops_Test@4a003cbe]" started-at="2024-10-02T14:25:49 IST" name="verifyProductsQuickAddEnable" finished-at="2024-10-02T14:26:23 IST" duration-ms="34318" status="PASS">
          <reporter-output>
          </reporter-output>
        </test-method> <!-- verifyProductsQuickAddEnable -->
        <test-method is-config="true" signature="CloseBrowser()[pri:0, instance:com.rt.clothing.test.Tops_Test@4a003cbe]" started-at="2024-10-02T14:26:23 IST" name="CloseBrowser" finished-at="2024-10-02T14:26:24 IST" duration-ms="96" status="PASS">
          <reporter-output>
          </reporter-output>
        </test-method> <!-- CloseBrowser -->
        <test-method is-config="true" signature="openBrowser()[pri:0, instance:com.rt.clothing.test.Tops_Test@4a003cbe]" started-at="2024-10-02T14:26:24 IST" name="openBrowser" finished-at="2024-10-02T14:26:27 IST" duration-ms="3232" status="PASS">
          <reporter-output>
          </reporter-output>
        </test-method> <!-- openBrowser -->
        <test-method signature="verifySortByFilter()[pri:0, instance:com.rt.clothing.test.Tops_Test@4a003cbe]" started-at="2024-10-02T14:26:27 IST" name="verifySortByFilter" finished-at="2024-10-02T14:26:50 IST" duration-ms="23557" status="PASS">
          <reporter-output>
          </reporter-output>
[...]
at org.openqa.selenium.remote.service.DriverCommandExecutor.execute(DriverCommandExecutor.java:171)
at org.openqa.selenium.remote.RemoteWebDriver.execute(RemoteWebDriver.java:518)
at org.openqa.selenium.remote.RemoteWebElement.execute(RemoteWebElement.java:224)
at org.openqa.selenium.remote.RemoteWebElement.click(RemoteWebElement.java:77)
at java.base/jdk.internal.reflect.NativeMethodAccessorImpl.invoke0(Native Method)
at java.base/jdk.internal.reflect.NativeMethodAccessorImpl.invoke(NativeMethodAccessorImpl.java:77)
at java.base/jdk.internal.reflect.DelegatingMethodAccessorImpl.invoke(DelegatingMethodAccessorImpl.java:43)
at java.base/java.lang.reflect.Method.invoke(Method.java:568)
at org.openqa.selenium.support.pagefactory.internal.LocatingElementHandler.invoke(LocatingElementHandler.java:51)
at jdk.proxy2/jdk.proxy2.$Proxy18.click(Unknown Source)
at com.rt.pages.NewArrivalsPage.openNewArrivalsLink(NewArrivalsPage.java:55)
at com.rt.pages.NewArrivalsPage.verifyProductNamePresence(NewArrivalsPage.java:116)
at com.rt.test.NewArrivals_Test.verifyProductNamePresence(NewArrivals_Test.java:25)
at java.base/jdk.internal.reflect.NativeMethodAccessorImpl.invoke0(Native Method)
at java.base/jdk.internal.reflect.NativeMethodAccessorImpl.invoke(NativeMethodAccessorImpl.java:77)
at java.base/jdk.internal.reflect.DelegatingMethodAccessorImpl.invoke(DelegatingMethodAccessorImpl.java:43)
at java.base/java.lang.reflect.Method.invoke(Method.java:568)
at org.testng.internal.invokers.MethodInvocationHelper.invokeMethod(MethodInvocationHelper.java:139)
at org.testng.internal.invokers.TestInvoker.invokeMethod(TestInvoker.java:677)
at org.testng.internal.invokers.TestInvoker.invokeTestMethod(TestInvoker.java:221)
at org.testng.internal.invokers.MethodRunner.runInSequence(MethodRunner.java:50)
at org.testng.internal.invokers.TestInvoker$MethodInvocationAgent.invoke(TestInvoker.java:969)
at org.testng.internal.invokers.TestInvoker.invokeTestMethods(TestInvoker.java:194)
at org.testng.internal.invokers.TestMethodWorker.invokeTestMethods(TestMethodWorker.java:148)
at org.testng.internal.invokers.TestMethodWorker.run(TestMethodWorker.java:128)
at java.base/java.util.ArrayList.forEach(ArrayList.java:1511)
at org.testng.TestRunner.privateRun(TestRunner.java:829)
at org.testng.TestRunner.run(TestRunner.java:602)
at org.testng.SuiteRunner.runTest(SuiteRunner.java:437)
at org.testng.SuiteRunner.runSequentially(SuiteRunner.java:431)
at org.testng.SuiteRunner.privateRun(SuiteRunner.java:391)
at org.testng.SuiteRunner.run(SuiteRunner.java:330)
at org.testng.SuiteRunnerWorker.runSuite(SuiteRunnerWorker.java:52)
at org.testng.SuiteRunnerWorker.run(SuiteRunnerWorker.java:95)
at org.testng.TestNG.runSuitesSequentially(TestNG.java:1256)
at org.testng.TestNG.runSuitesLocally(TestNG.java:1176)
at org.testng.TestNG.runSuites(TestNG.java:1099)
at org.testng.TestNG.run(TestNG.java:1067)
at org.testng.remote.AbstractRemoteTestNG.run(AbstractRemoteTestNG.java:115)
at org.testng.remote.RemoteTestNG.initAndRun(RemoteTestNG.java:251)
at org.testng.remote.RemoteTestNG.main(RemoteTestNG.java:77)
]]>
            </full-stacktrace>
          </exception> <!-- org.openqa.selenium.ElementClickInterceptedException -->
          <reporter-output>
          </reporter-output>
        </test-method> <!-- verifyProductNamePresence -->
        <test-method is-config="true" signature="loadObject()[pri:0, instance:com.rt.test.NewArrivals_Test@cecf639]" started-at="2024-10-02T14:17:21 IST" name="loadObject" finished-at="2024-10-02T14:17:21 IST" duration-ms="0" status="PASS">
          <reporter-output>
          </reporter-output>
        </test-method> <!-- loadObject -->
        <test-method is-config="true" signature="CloseBrowser()[pri:0, instance:com.rt.test.NewArrivals_Test@cecf639]" started-at="2024-10-02T14:17:32 IST" name="CloseBrowser" finished-at="2024-10-02T14:17:33 IST" duration-ms="86" status="PASS">
          <reporter-output>
          </reporter-output>
        </test-method> <!-- CloseBrowser -->
        <test-method is-config="true" signature="openBrowser()[pri:0, instance:com.rt.test.NewArrivals_Test@cecf639]" started-at="2024-10-02T14:17:33 IST" name="openBrowser" finished-at="2024-10-02T14:17:41 IST" duration-ms="8022" status="PASS">
          <reporter-output>
          </reporter-output>
        </test-method> <!-- openBrowser -->
        <test-method is-config="true" signature="loadObject()[pri:0, instance:com.rt.test.NewArrivals_Test@cecf639]" started-at="2024-10-02T14:17:41 IST" name="loadObject" finished-at="2024-10-02T14:17:41 IST" duration-ms="2" status="PASS">
          <reporter-output>
          </reporter-output>
        </test-method> <!-- loadObject -->
        <test-method signature="verifyProductPricesPresence()[pri:0, instance:com.rt.test.NewArrivals_Test@cecf639]" started-at="2024-10-02T14:17:41 IST" name="verifyProductPricesPresence" finished-at="2024-10-02T14:17:54 IST" duration-ms="13001" status="PASS">
          <reporter-output>
          </reporter-output>
        </test-method> <!-- verifyProductPricesPresence -->
        <test-method is-config="true" signature="CloseBrowser()[pri:0, instance:com.rt.test.NewArrivals_Test@cecf639]" started-at="2024-10-02T14:17:54 IST" name="CloseBrowser" finished-at="2024-10-02T14:17:54 IST" duration-ms="90" status="PASS">
          <reporter-output>
          </reporter-output>
        </test-method> <!-- CloseBrowser -->
        <test-method is-config="true" signature="openBrowser()[pri:0, instance:com.rt.test.NewArrivals_Test@cecf639]" started-at="2024-10-02T14:17:54 IST" name="openBrowser" finished-at="2024-10-02T14:17:58 IST" duration-ms="3994" status="PASS">
          <reporter-output>
          </reporter-output>
        </test-method> <!-- openBrowser -->
        <test-method is-config="true" signature="loadObject()[pri:0, instance:com.rt.test.NewArrivals_Test@cecf639]" started-at="2024-10-02T14:17:58 IST" name="loadObject" finished-at="2024-10-02T14:17:58 IST" duration-ms="1" status="PASS">
          <reporter-output>
          </reporter-output>
        </test-method> <!-- loadObject -->
        <test-method signature="verifyProductsOnThePage()[pri:0, instance:com.rt.test.NewArrivals_Test@cecf639]" started-at="2024-10-02T14:17:58 IST" name="verifyProductsOnThePage" finished-at="2024-10-02T14:18:10 IST" duration-ms="12378" status="PASS">
          <reporter-output>
          </reporter-output>
        </test-method> <!-- verifyProductsOnThePage -->
        <test-method is-config="true" signature="CloseBrowser()[pri:0, instance:com.rt.test.NewArrivals_Test@cecf639]" started-at="2024-10-02T14:18:10 IST" name="CloseBrowser" finished-at="2024-10-02T14:18:10 IST" duration-ms="113" status="PASS">
          <reporter-output>
          </reporter-output>
        </test-method> <!-- CloseBrowser -->
        <test-method is-config="true" signature="openBrowser()[pri:0, instance:com.rt.test.NewArrivals_Test@cecf639]" started-at="2024-10-02T14:18:10 IST" name="openBrowser" finished-at="2024-10-02T14:18:14 IST" duration-ms="3490" status="PASS">
          <reporter-output>
          </reporter-output>
        </test-method> <!-- openBrowser -->
        <test-method is-config="true" signature="loadObject()[pri:0, instance:com.rt.test.NewArrivals_Test@cecf639]" started-at="2024-10-02T14:18:14 IST" name="loadObject" finished-at="2024-10-02T14:18:14 IST" duration-ms="1" status="PASS">
          <reporter-output>
          </reporter-output>
        </test-method> <!-- loadObject -->
        <test-method signature="verifyProductsQuickAddEnable()[pri:0, instance:com.rt.test.NewArrivals_Test@cecf639]" started-at="2024-10-02T14:18:14 IST" name="verifyProductsQuickAddEnable" finished-at="2024-10-02T14:18:59 IST" duration-ms="45071" status="PASS">
          <reporter-output>
          </reporter-output>
        </test-method> <!-- verifyProductsQuickAddEnable -->
        <test-method is-config="true" signature="CloseBrowser()[pri:0, instance:com.rt.test.NewArrivals_Test@cecf639]" started-at="2024-10-02T14:18:59 IST" name="CloseBrowser" finished-at="2024-10-02T14:18:59 IST" duration-ms="98" status="PASS">
          <reporter-output>
          </reporter-output>
        </test-method> <!-- CloseBrowser -->
      </class> <!-- com.rt.test.NewArrivals_Test -->
      <class name="com.rt.clothing.test.Bottoms_Test">
        <test-method is-config="true" signature="openBrowser()[pri:0, instance:com.rt.clothing.test.Bottoms_Test@2b30a42c]" started-at="2024-10-02T14:35:15 IST" name="openBrowser" finished-at="2024-10-02T14:35:17 IST" duration-ms="2386" status="PASS">
          <reporter-output>
          </reporter-output>
        </test-method> <!-- openBrowser -->
        <test-method is-config="true" signature="loadObject()[pri:0, instance:com.rt.clothing.test.Bottoms_Test@2b30a42c]" started-at="2024-10-02T14:35:17 IST" name="loadObject" finished-at="2024-10-02T14:35:17 IST" duration-ms="6" status="PASS">
          <reporter-output>
          </reporter-output>
        </test-method> <!-- loadObject -->
        <test-method signature="verifyColorSwatchesPresenceAndEnable()[pri:0, instance:com.rt.clothing.test.Bottoms_Test@2b30a42c]" started-at="2024-10-02T14:35:17 IST" name="verifyColorSwatchesPresenceAndEnable" finished-at="2024-10-02T14:38:59 IST" duration-ms="221840" status="PASS">
          <reporter-output>
          </reporter-output>
        </test-method> <!-- verifyColorSwatchesPresenceAndEnable -->
        <test-method is-config="true" signature="CloseBrowser()[pri:0, instance:com.rt.clothing.test.Bottoms_Test@2b30a42c]" started-at="2024-10-02T14:38:59 IST" name="CloseBrowser" finished-at="2024-10-02T14:38:59 IST" duration-ms="102" status="PASS">
          <reporter-output>
          </reporter-output>
        </test-method> <!-- CloseBrowser -->
        <test-method is-config="true" signature="openBrowser()[pri:0, instance:com.rt.clothing.test.Bottoms_Test@2b30a42c]" started-at="2024-10-02T14:38:59 IST" name="openBrowser" finished-at="2024-10-02T14:39:04 IST" duration-ms="4460" status="PASS">
          <reporter-output>
          </reporter-output>
        </test-method> <!-- openBrowser -->
        <test-method is-config="true" signature="loadObject()[pri:0, instance:com.rt.clothing.test.Bottoms_Test@2b30a42c]" started-at="2024-10-02T14:39:04 IST" name="loadObject" finished-at="2024-10-02T14:39:04 IST" duration-ms="1" status="PASS">
          <reporter-output>
          </reporter-output>
        </test-method> <!-- loadObject -->
        <test-method signature="verifyPageLoadTime()[pri:0, instance:com.rt.clothing.test.Bottoms_Test@2b30a42c]" started-at="2024-10-02T14:39:04 IST" name="verifyPageLoadTime" finished-at="2024-10-02T14:39:17 IST" duration-ms="13720" status="PASS">
          <reporter-output>
          </reporter-output>
        </test-method> <!-- verifyPageLoadTime -->
        <test-method is-config="true" signature="CloseBrowser()[pri:0, instance:com.rt.clothing.test.Bottoms_Test@2b30a42c]" started-at="2024-10-02T14:39:17 IST" name="CloseBrowser" finished-at="2024-10-02T14:39:17 IST" duration-ms="113" status="PASS">
          <reporter-output>
          </reporter-output>
        </test-method> <!-- CloseBrowser -->
        <test-method is-config="true" signature="openBrowser()[pri:0, instance:com.rt.clothing.test.Bottoms_Test@2b30a42c]" started-at="2024-10-02T14:39:17 IST" name="openBrowser" finished-at="2024-10-02T14:39:20 IST" duration-ms="2709" status="PASS">
          <reporter-output>
          </reporter-output>
        </test-method> <!-- openBrowser -->
        <test-method is-config="true" signature="loadObject()[pri:0, instance:com.rt.clothing.test.Bottoms_Test@2b30a42c]" started-at="2024-10-02T14:39:20 IST" name="loadObject" finished-at="2024-10-02T14:39:20 IST" duration-ms="1" status="PASS">
          <reporter-output>
          </reporter-output>
        </test-method> <!-- loadObject -->
        <test-method signature="verifyPageTitle()[pri:0, instance:com.rt.clothing.test.Bottoms_Test@2b30a42c]" started-at="2024-10-02T14:39:20 IST" name="verifyPageTitle" finished-at="2024-10-02T14:39:32 IST" duration-ms="12179" status="PASS">
          <reporter-output>
          </reporter-output>
        </test-method> <!-- verifyPageTitle -->
        <test-method is-config="true" signature="CloseBrowser()[pri:0, instance:com.rt.clothing.test.Bottoms_Test@2b30a42c]" started-at="2024-10-02T14:39:32 IST" name="CloseBrowser" finished-at="2024-10-02T14:39:32 IST" duration-ms="86" status="PASS">
          <reporter-output>
          </reporter-output>
        </test-method> <!-- CloseBrowser -->
        <test-method is-config="true" signature="openBrowser()[pri:0, instance:com.rt.clothing.test.Bottoms_Test@2b30a42c]" started-at="2024-10-02T14:39:32 IST" name="openBrowser" finished-at="2024-10-02T14:39:36 IST" duration-ms="3487" status="PASS">
          <reporter-output>
          </reporter-output>
        </test-method> <!-- openBrowser -->
        <test-method is-config="true" signature="loadObject()[pri:0, instance:com.rt.clothing.test.Bottoms_Test@2b30a42c]" started-at="2024-10-02T14:39:36 IST" name="loadObject" finished-at="2024-10-02T14:39:36 IST" duration-ms="1" status="PASS">
          <reporter-output>
          </reporter-output>
        </test-method> <!-- loadObject -->
        <test-method signature="verifyPageURL()[pri:0, instance:com.rt.clothing.test.Bottoms_Test@2b30a42c]" started-at="2024-10-02T14:39:36 IST" name="verifyPageURL" finished-at="2024-10-02T14:39:49 IST" duration-ms="12705" status="PASS">
          <reporter-output>
          </reporter-output>
        </test-method> <!-- verifyPageURL -->
        <test-method is-config="true" signature="CloseBrowser()[pri:0, instance:com.rt.clothing.test.Bottoms_Test@2b30a42c]" started-at="2024-10-02T14:39:49 IST" name="CloseBrowser" finished-at="2024-10-02T14:39:49 IST" duration-ms="86" status="PASS">
          <reporter-output>
          </reporter-output>
        </test-method> <!-- CloseBrowser -->
        <test-method is-config="true" signature="openBrowser()[pri:0, instance:com.rt.clothing.test.Bottoms_Test@2b30a42c]" started-at="2024-10-02T14:39:49 IST" name="openBrowser" finished-at="2024-10-02T14:39:52 IST" duration-ms="3135" status="PASS">
          <reporter-output>
          </reporter-output>
        </test-method> <!-- openBrowser -->
        <test-method is-config="true" signature="loadObject()[pri:0, instance:com.rt.clothing.test.Bottoms_Test@2b30a42c]" started-at="2024-10-02T14:39:52 IST" name="loadObject" finished-at="2024-10-02T14:39:52 IST" duration-ms="1" status="PASS">
          <reporter-output>
          </reporter-output>
        </test-method> <!-- loadObject -->
        <test-method signature="verifyProductNamePresence()[pri:0, instance:com.rt.clothing.test.Bottoms_Test@2b30a42c]" started-at="2024-10-02T14:39:52 IST" name="verifyProductNamePresence" finished-at="2024-10-02T14:40:04 IST" duration-ms="12689" status="PASS">
          <reporter-output>
          </reporter-output>
        </test-method> <!-- verifyProductNamePresence -->
        <test-method is-config="true" signature="CloseBrowser()[pri:0, instance:com.rt.clothing.test.Bottoms_Test@2b30a42c]" started-at="2024-10-02T14:40:04 IST" name="CloseBrowser" finished-at="2024-10-02T14:40:05 IST" duration-ms="90" status="PASS">
          <reporter-output>
          </reporter-output>
        </test-method> <!-- CloseBrowser -->
        <test-method is-config="true" signature="openBrowser()[pri:0, instance:com.rt.clothing.test.Bottoms_Test@2b30a42c]" started-at="2024-10-02T14:40:05 IST" name="openBrowser" finished-at="2024-10-02T14:40:10 IST" duration-ms="5692" status="PASS">
          <reporter-output>
          </reporter-output>
        </test-method> <!-- openBrowser -->
        <test-method signature="verifyProductPricesPresence()[pri:0, instance:com.rt.clothing.test.Bottoms_Test@2b30a42c]" started-at="2024-10-02T14:40:10 IST" name="verifyProductPricesPresence" finished-at="2024-10-02T14:40:23 IST" duration-ms="12867" status="PASS">
          <reporter-output>
          </reporter-output>
        </test-method> <!-- verifyProductPricesPresence -->
        <test-method is-config="true" signature="loadObject()[pri:0, instance:com.rt.clothing.test.Bottoms_Test@2b30a42c]" started-at="2024-10-02T14:40:10 IST" name="loadObject" finished-at="2024-10-02T14:40:10 IST" duration-ms="0" status="PASS">
          <reporter-output>
          </reporter-output>
        </test-method> <!-- loadObject -->
        <test-method is-config="true" signature="CloseBrowser()[pri:0, instance:com.rt.clothing.test.Bottoms_Test@2b30a42c]" started-at="2024-10-02T14:40:23 IST" name="CloseBrowser" finished-at="2024-10-02T14:40:23 IST" duration-ms="97" status="PASS">
          <reporter-output>
          </reporter-output>
        </test-method> <!-- CloseBrowser -->
        <test-method is-config="true" signature="openBrowser()[pri:0, instance:com.rt.clothing.test.Bottoms_Test@2b30a42c]" started-at="2024-10-02T14:40:23 IST" name="openBrowser" finished-at="2024-10-02T14:40:26 IST" duration-ms="3015" status="PASS">
          <reporter-output>
          </reporter-output>
        </test-method> <!-- openBrowser -->
        <test-method is-config="true" signature="loadObject()[pri:0, instance:com.rt.clothing.test.Bottoms_Test@2b30a42c]" started-at="2024-10-02T14:40:26 IST" name="loadObject" finished-at="2024-10-02T14:40:26 IST" duration-ms="2" status="PASS">
          <reporter-output>
          </reporter-output>
        </test-method> <!-- loadObject -->
        <test-method signature="verifyProductsOnThePage()[pri:0, instance:com.rt.clothing.test.Bottoms_Test@2b30a42c]" started-at="2024-10-02T14:40:26 IST" name="verifyProductsOnThePage" finished-at="2024-10-02T14:40:38 IST" duration-ms="12042" status="PASS">
          <reporter-output>
          </reporter-output>
        </test-method> <!-- verifyProductsOnThePage -->
        <test-method is-config="true" signature="CloseBrowser()[pri:0, instance:com.rt.clothing.test.Bottoms_Test@2b30a42c]" started-at="2024-10-02T14:40:38 IST" name="CloseBrowser" finished-at="2024-10-02T14:40:38 IST" duration-ms="96" status="PASS">
          <reporter-output>
          </reporter-output>
        </test-method> <!-- CloseBrowser -->
        <test-method is-config="true" signature="openBrowser()[pri:0, instance:com.rt.clothing.test.Bottoms_Test@2b30a42c]" started-at="2024-10-02T14:40:38 IST" name="openBrowser" finished-at="2024-10-02T14:40:41 IST" duration-ms="2570" status="PASS">
          <reporter-output>
          </reporter-output>
        </test-method> <!-- openBrowser -->
        <test-method is-config="true" signature="loadObject()[pri:0, instance:com.rt.clothing.test.Bottoms_Test@2b30a42c]" started-at="2024-10-02T14:40:41 IST" name="loadObject" finished-at="2024-10-02T14:40:41 IST" duration-ms="1" status="PASS">
          <reporter-output>
          </reporter-output>
        </test-method> <!-- loadObject -->
        <test-method signature="verifyProductsQuickAddEnable()[pri:0, instance:com.rt.clothing.test.Bottoms_Test@2b30a42c]" started-at="2024-10-02T14:40:41 IST" name="verifyProductsQuickAddEnable" finished-at="2024-10-02T14:41:17 IST" duration-ms="35752" status="PASS">
          <reporter-output>
          </reporter-output>
        </test-method> <!-- verifyProductsQuickAddEnable -->
        <test-method is-config="true" signature="CloseBrowser()[pri:0, instance:com.rt.clothing.test.Bottoms_Test@2b30a42c]" started-at="2024-10-02T14:41:17 IST" name="CloseBrowser" finished-at="2024-10-02T14:41:17 IST" duration-ms="95" status="PASS">
          <reporter-output>
          </reporter-output>
        </test-method> <!-- CloseBrowser -->
      </class> <!-- com.rt.clothing.test.Bottoms_Test -->
    </test> <!-- Test -->
  </suite> <!-- Suite -->
</testng-results>
