<?xml version="1.0" encoding="UTF-8"?>
<testng-results ignored="4" total="5" passed="1" failed="0" skipped="0">
  <reporter-output>
  </reporter-output>
  <suite started-at="2024-10-03T17:44:02 IST" name="Default suite" finished-at="2024-10-03T17:44:14 IST" duration-ms="11976">
    <groups>
    </groups>
    <test started-at="2024-10-03T17:44:02 IST" name="Default test" finished-at="2024-10-03T17:44:14 IST" duration-ms="11976">
      <class name="com.rt.test.HomePageTest">
        <test-method is-config="true" signature="clearOldScreenshots()[pri:0, instance:com.rt.test.HomePageTest@8519cb4]" started-at="2024-10-03T17:44:02 IST" name="clearOldScreenshots" finished-at="2024-10-03T17:44:02 IST" duration-ms="7" status="PASS">
          <reporter-output>
          </reporter-output>
        </test-method> <!-- clearOldScreenshots -->
        <test-method is-config="true" signature="openBrowser()[pri:0, instance:com.rt.test.HomePageTest@8519cb4]" started-at="2024-10-03T17:44:02 IST" name="openBrowser" finished-at="2024-10-03T17:44:07 IST" duration-ms="5525" status="PASS">
          <reporter-output>
          </reporter-output>
        </test-method> <!-- openBrowser -->
        <test-method is-config="true" signature="loadObject()[pri:0, instance:com.rt.test.HomePageTest@8519cb4]" started-at="2024-10-03T17:44:07 IST" name="loadObject" finished-at="2024-10-03T17:44:07 IST" duration-ms="14" status="PASS">
          <reporter-output>
          </reporter-output>
        </test-method> <!-- loadObject -->
        <test-method signature="verifyFooterLinks()[pri:0, instance:com.rt.test.HomePageTest@8519cb4]" started-at="2024-10-03T17:44:07 IST" name="verifyFooterLinks" finished-at="2024-10-03T17:44:13 IST" duration-ms="6304" status="PASS">
          <reporter-output>
          </reporter-output>
        </test-method> <!-- verifyFooterLinks -->
        <test-method is-config="true" signature="CloseBrowser()[pri:0, instance:com.rt.test.HomePageTest@8519cb4]" started-at="2024-10-03T17:44:13 IST" name="CloseBrowser" finished-at="2024-10-03T17:44:14 IST" duration-ms="112" status="PASS">
          <reporter-output>
          </reporter-output>
        </test-method> <!-- CloseBrowser -->
      </class> <!-- com.rt.test.HomePageTest -->
    </test> <!-- Default test -->
  </suite> <!-- Default suite -->
</testng-results>
